This is pdfTeX, Version 3.141592653-2.6-1.40.25 (TeX Live 2023/Debian) (preloaded format=pdflatex 2024.5.23)  27 MAY 2025 14:19
entering extended mode
 restricted \write18 enabled.
 %&-line parsing enabled.
**matrices/matrices.tex
(./matrices/matrices.tex
LaTeX2e <2023-11-01> patch level 1
L3 programming layer <2024-01-22>
(/usr/share/texlive/texmf-dist/tex/latex/extsizes/extarticle.cls
Document Class: extarticle 1996/10/08 v1.0 Non Standard LaTeX document class
(/usr/share/texlive/texmf-dist/tex/latex/extsizes/size14.clo
File: size14.clo 1999/11/11 v1.4a NON-Standard LaTeX file (size option)
) (/usr/share/texlive/texmf-dist/tex/latex/base/exscale.sty
Package: exscale 2018/09/24 v2.1i Standard LaTeX package exscale
LaTeX Font Info:    Redeclaring symbol font `largesymbols' on input line 57.
LaTeX Font Info:    Overwriting symbol font `largesymbols' in version `normal'
(Font)                  OMX/cmex/m/n --> OMX/cmex/m/n on input line 57.
LaTeX Font Info:    Overwriting symbol font `largesymbols' in version `bold'
(Font)                  OMX/cmex/m/n --> OMX/cmex/m/n on input line 57.
\big@size=\dimen140
)
\c@part=\count187
\c@section=\count188
\c@subsection=\count189
\c@subsubsection=\count190
\c@paragraph=\count191
\c@subparagraph=\count192
\c@figure=\count193
\c@table=\count194
\abovecaptionskip=\skip48
\belowcaptionskip=\skip49
\bibindent=\dimen141
) (/usr/share/texlive/texmf-dist/tex/latex/amsmath/amsmath.sty
Package: amsmath 2023/05/13 v2.17o AMS math features
\@mathmargin=\skip50
For additional information on amsmath, use the `?' option.
(/usr/share/texlive/texmf-dist/tex/latex/amsmath/amstext.sty
Package: amstext 2021/08/26 v2.01 AMS text
(/usr/share/texlive/texmf-dist/tex/latex/amsmath/amsgen.sty
File: amsgen.sty 1999/11/30 v2.0 generic functions
\@emptytoks=\toks17
\ex@=\dimen142
)) (/usr/share/texlive/texmf-dist/tex/latex/amsmath/amsbsy.sty
Package: amsbsy 1999/11/29 v1.2d Bold Symbols
\pmbraise@=\dimen143
) (/usr/share/texlive/texmf-dist/tex/latex/amsmath/amsopn.sty
Package: amsopn 2022/04/08 v2.04 operator names
)
\inf@bad=\count195
LaTeX Info: Redefining \frac on input line 234.
\uproot@=\count196
\leftroot@=\count197
LaTeX Info: Redefining \overline on input line 399.
LaTeX Info: Redefining \colon on input line 410.
\classnum@=\count198
\DOTSCASE@=\count199
LaTeX Info: Redefining \ldots on input line 496.
LaTeX Info: Redefining \dots on input line 499.
LaTeX Info: Redefining \cdots on input line 620.
\Mathstrutbox@=\box51
\strutbox@=\box52
LaTeX Info: Redefining \big on input line 722.
LaTeX Info: Redefining \Big on input line 723.
LaTeX Info: Redefining \bigg on input line 724.
LaTeX Info: Redefining \Bigg on input line 725.
\big@size=\dimen144
LaTeX Font Info:    Redeclaring font encoding OML on input line 743.
LaTeX Font Info:    Redeclaring font encoding OMS on input line 744.
\macc@depth=\count266
LaTeX Info: Redefining \bmod on input line 905.
LaTeX Info: Redefining \pmod on input line 910.
LaTeX Info: Redefining \smash on input line 940.
LaTeX Info: Redefining \relbar on input line 970.
LaTeX Info: Redefining \Relbar on input line 971.
\c@MaxMatrixCols=\count267
\dotsspace@=\muskip16
\c@parentequation=\count268
\dspbrk@lvl=\count269
\tag@help=\toks18
\row@=\count270
\column@=\count271
\maxfields@=\count272
\andhelp@=\toks19
\eqnshift@=\dimen145
\alignsep@=\dimen146
\tagshift@=\dimen147
\tagwidth@=\dimen148
\totwidth@=\dimen149
\lineht@=\dimen150
\@envbody=\toks20
\multlinegap=\skip51
\multlinetaggap=\skip52
\mathdisplay@stack=\toks21
LaTeX Info: Redefining \[ on input line 2953.
LaTeX Info: Redefining \] on input line 2954.
) (/usr/share/texlive/texmf-dist/tex/latex/amsfonts/amssymb.sty
Package: amssymb 2013/01/14 v3.01 AMS font symbols
(/usr/share/texlive/texmf-dist/tex/latex/amsfonts/amsfonts.sty
Package: amsfonts 2013/01/14 v3.01 Basic AMSFonts support
\symAMSa=\mathgroup4
\symAMSb=\mathgroup5
LaTeX Font Info:    Redeclaring math symbol \hbar on input line 98.
LaTeX Font Info:    Overwriting math alphabet `\mathfrak' in version `bold'
(Font)                  U/euf/m/n --> U/euf/b/n on input line 106.
)) (/usr/share/texlive/texmf-dist/tex/generic/iftex/iftex.sty
Package: iftex 2022/02/03 v1.0f TeX engine tests
) (/usr/share/texlive/texmf-dist/tex/latex/base/fontenc.sty
Package: fontenc 2021/04/29 v2.0v Standard LaTeX package
) (/usr/share/texlive/texmf-dist/tex/latex/base/inputenc.sty
Package: inputenc 2021/02/14 v1.3d Input encoding file
\inpenc@prehook=\toks22
\inpenc@posthook=\toks23
) (/usr/share/texlive/texmf-dist/tex/latex/base/textcomp.sty
Package: textcomp 2020/02/02 v2.0n Standard LaTeX package
) (/usr/share/texmf/tex/latex/lm/lmodern.sty
Package: lmodern 2015/05/01 v1.6.1 Latin Modern Fonts
LaTeX Font Info:    Overwriting symbol font `operators' in version `normal'
(Font)                  OT1/cmr/m/n --> OT1/lmr/m/n on input line 22.
LaTeX Font Info:    Overwriting symbol font `letters' in version `normal'
(Font)                  OML/cmm/m/it --> OML/lmm/m/it on input line 23.
LaTeX Font Info:    Overwriting symbol font `symbols' in version `normal'
(Font)                  OMS/cmsy/m/n --> OMS/lmsy/m/n on input line 24.
LaTeX Font Info:    Overwriting symbol font `largesymbols' in version `normal'
(Font)                  OMX/cmex/m/n --> OMX/lmex/m/n on input line 25.
LaTeX Font Info:    Overwriting symbol font `operators' in version `bold'
(Font)                  OT1/cmr/bx/n --> OT1/lmr/bx/n on input line 26.
LaTeX Font Info:    Overwriting symbol font `letters' in version `bold'
(Font)                  OML/cmm/b/it --> OML/lmm/b/it on input line 27.
LaTeX Font Info:    Overwriting symbol font `symbols' in version `bold'
(Font)                  OMS/cmsy/b/n --> OMS/lmsy/b/n on input line 28.
LaTeX Font Info:    Overwriting symbol font `largesymbols' in version `bold'
(Font)                  OMX/cmex/m/n --> OMX/lmex/m/n on input line 29.
LaTeX Font Info:    Overwriting math alphabet `\mathbf' in version `normal'
(Font)                  OT1/cmr/bx/n --> OT1/lmr/bx/n on input line 31.
LaTeX Font Info:    Overwriting math alphabet `\mathsf' in version `normal'
(Font)                  OT1/cmss/m/n --> OT1/lmss/m/n on input line 32.
LaTeX Font Info:    Overwriting math alphabet `\mathit' in version `normal'
(Font)                  OT1/cmr/m/it --> OT1/lmr/m/it on input line 33.
LaTeX Font Info:    Overwriting math alphabet `\mathtt' in version `normal'
(Font)                  OT1/cmtt/m/n --> OT1/lmtt/m/n on input line 34.
LaTeX Font Info:    Overwriting math alphabet `\mathbf' in version `bold'
(Font)                  OT1/cmr/bx/n --> OT1/lmr/bx/n on input line 35.
LaTeX Font Info:    Overwriting math alphabet `\mathsf' in version `bold'
(Font)                  OT1/cmss/bx/n --> OT1/lmss/bx/n on input line 36.
LaTeX Font Info:    Overwriting math alphabet `\mathit' in version `bold'
(Font)                  OT1/cmr/bx/it --> OT1/lmr/bx/it on input line 37.
LaTeX Font Info:    Overwriting math alphabet `\mathtt' in version `bold'
(Font)                  OT1/cmtt/m/n --> OT1/lmtt/m/n on input line 38.
) (/usr/share/texlive/texmf-dist/tex/latex/upquote/upquote.sty
Package: upquote 2012/04/19 v1.3 upright-quote and grave-accent glyphs in verba
tim
) (/usr/share/texlive/texmf-dist/tex/latex/microtype/microtype.sty
Package: microtype 2023/03/13 v3.1a Micro-typographical refinements (RS)
(/usr/share/texlive/texmf-dist/tex/latex/graphics/keyval.sty
Package: keyval 2022/05/29 v1.15 key=value parser (DPC)
\KV@toks@=\toks24
) (/usr/share/texlive/texmf-dist/tex/latex/etoolbox/etoolbox.sty
Package: etoolbox 2020/10/05 v2.5k e-TeX tools for LaTeX (JAW)
\etb@tempcnta=\count273
)
\MT@toks=\toks25
\MT@tempbox=\box53
\MT@count=\count274
LaTeX Info: Redefining \noprotrusionifhmode on input line 1059.
LaTeX Info: Redefining \leftprotrusion on input line 1060.
\MT@prot@toks=\toks26
LaTeX Info: Redefining \rightprotrusion on input line 1078.
LaTeX Info: Redefining \textls on input line 1368.
\MT@outer@kern=\dimen151
LaTeX Info: Redefining \textmicrotypecontext on input line 1988.
\MT@listname@count=\count275
(/usr/share/texlive/texmf-dist/tex/latex/microtype/microtype-pdftex.def
File: microtype-pdftex.def 2023/03/13 v3.1a Definitions specific to pdftex (RS)

LaTeX Info: Redefining \lsstyle on input line 902.
LaTeX Info: Redefining \lslig on input line 902.
\MT@outer@space=\skip53
)
Package microtype Info: Loading configuration file microtype.cfg.
(/usr/share/texlive/texmf-dist/tex/latex/microtype/microtype.cfg
File: microtype.cfg 2023/03/13 v3.1a microtype main configuration file (RS)
)) (/usr/share/texlive/texmf-dist/tex/latex/parskip/parskip.sty
Package: parskip 2021-03-14 v2.0h non-zero parskip adjustments
(/usr/share/texlive/texmf-dist/tex/latex/kvoptions/kvoptions.sty
Package: kvoptions 2022-06-15 v3.15 Key value format for package options (HO)
(/usr/share/texlive/texmf-dist/tex/generic/ltxcmds/ltxcmds.sty
Package: ltxcmds 2023-12-04 v1.26 LaTeX kernel commands for general use (HO)
) (/usr/share/texlive/texmf-dist/tex/latex/kvsetkeys/kvsetkeys.sty
Package: kvsetkeys 2022-10-05 v1.19 Key value parser (HO)
))) (/usr/share/texlive/texmf-dist/tex/latex/xcolor/xcolor.sty
Package: xcolor 2023/11/15 v3.01 LaTeX color extensions (UK)
(/usr/share/texlive/texmf-dist/tex/latex/graphics-cfg/color.cfg
File: color.cfg 2016/01/02 v1.6 sample color configuration
)
Package xcolor Info: Driver file: pdftex.def on input line 274.
(/usr/share/texlive/texmf-dist/tex/latex/graphics-def/pdftex.def
File: pdftex.def 2022/09/22 v1.2b Graphics/color driver for pdftex
) (/usr/share/texlive/texmf-dist/tex/latex/graphics/mathcolor.ltx)
Package xcolor Info: Model `cmy' substituted by `cmy0' on input line 1350.
Package xcolor Info: Model `hsb' substituted by `rgb' on input line 1354.
Package xcolor Info: Model `RGB' extended on input line 1366.
Package xcolor Info: Model `HTML' substituted by `rgb' on input line 1368.
Package xcolor Info: Model `Hsb' substituted by `hsb' on input line 1369.
Package xcolor Info: Model `tHsb' substituted by `hsb' on input line 1370.
Package xcolor Info: Model `HSB' substituted by `hsb' on input line 1371.
Package xcolor Info: Model `Gray' substituted by `gray' on input line 1372.
Package xcolor Info: Model `wave' substituted by `hsb' on input line 1373.
) (/usr/share/texlive/texmf-dist/tex/latex/tools/longtable.sty
Package: longtable 2023-11-01 v4.19 Multi-page Table package (DPC)
\LTleft=\skip54
\LTright=\skip55
\LTpre=\skip56
\LTpost=\skip57
\LTchunksize=\count276
\LTcapwidth=\dimen152
\LT@head=\box54
\LT@firsthead=\box55
\LT@foot=\box56
\LT@lastfoot=\box57
\LT@gbox=\box58
\LT@cols=\count277
\LT@rows=\count278
\c@LT@tables=\count279
\c@LT@chunks=\count280
\LT@p@ftn=\toks27
) (/usr/share/texlive/texmf-dist/tex/latex/booktabs/booktabs.sty
Package: booktabs 2020/01/12 v1.61803398 Publication quality tables
\heavyrulewidth=\dimen153
\lightrulewidth=\dimen154
\cmidrulewidth=\dimen155
\belowrulesep=\dimen156
\belowbottomsep=\dimen157
\aboverulesep=\dimen158
\abovetopsep=\dimen159
\cmidrulesep=\dimen160
\cmidrulekern=\dimen161
\defaultaddspace=\dimen162
\@cmidla=\count281
\@cmidlb=\count282
\@aboverulesep=\dimen163
\@belowrulesep=\dimen164
\@thisruleclass=\count283
\@lastruleclass=\count284
\@thisrulewidth=\dimen165
) (/usr/share/texlive/texmf-dist/tex/latex/tools/array.sty
Package: array 2023/10/16 v2.5g Tabular extension package (FMi)
\col@sep=\dimen166
\ar@mcellbox=\box59
\extrarowheight=\dimen167
\NC@list=\toks28
\extratabsurround=\skip58
\backup@length=\skip59
\ar@cellbox=\box60
) (/usr/share/texlive/texmf-dist/tex/latex/tools/calc.sty
Package: calc 2023/07/08 v4.3 Infix arithmetic (KKT,FJ)
\calc@Acount=\count285
\calc@Bcount=\count286
\calc@Adimen=\dimen168
\calc@Bdimen=\dimen169
\calc@Askip=\skip60
\calc@Bskip=\skip61
LaTeX Info: Redefining \setlength on input line 80.
LaTeX Info: Redefining \addtolength on input line 81.
\calc@Ccount=\count287
\calc@Cskip=\skip62
) (/usr/share/texlive/texmf-dist/tex/latex/footnotehyper/footnotehyper.sty
Package: footnotehyper 2021/08/13 v1.1e hyperref aware footnote.sty (JFB)
\FNH@notes=\box61
\FNH@width=\dimen170
\FNH@toks=\toks29
) (/usr/share/texlive/texmf-dist/tex/latex/bookmark/bookmark.sty
Package: bookmark 2023-12-10 v1.31 PDF bookmarks (HO)
(/usr/share/texlive/texmf-dist/tex/latex/hyperref/hyperref.sty
Package: hyperref 2024-01-20 v7.01h Hypertext links for LaTeX
(/usr/share/texlive/texmf-dist/tex/generic/kvdefinekeys/kvdefinekeys.sty
Package: kvdefinekeys 2019-12-19 v1.6 Define keys (HO)
) (/usr/share/texlive/texmf-dist/tex/generic/pdfescape/pdfescape.sty
Package: pdfescape 2019/12/09 v1.15 Implements pdfTeX's escape features (HO)
(/usr/share/texlive/texmf-dist/tex/generic/pdftexcmds/pdftexcmds.sty
Package: pdftexcmds 2020-06-27 v0.33 Utility functions of pdfTeX for LuaTeX (HO
)
(/usr/share/texlive/texmf-dist/tex/generic/infwarerr/infwarerr.sty
Package: infwarerr 2019/12/03 v1.5 Providing info/warning/error messages (HO)
)
Package pdftexcmds Info: \pdf@primitive is available.
Package pdftexcmds Info: \pdf@ifprimitive is available.
Package pdftexcmds Info: \pdfdraftmode found.
)) (/usr/share/texlive/texmf-dist/tex/latex/hycolor/hycolor.sty
Package: hycolor 2020-01-27 v1.10 Color options for hyperref/bookmark (HO)
) (/usr/share/texlive/texmf-dist/tex/latex/auxhook/auxhook.sty
Package: auxhook 2019-12-17 v1.6 Hooks for auxiliary files (HO)
) (/usr/share/texlive/texmf-dist/tex/latex/hyperref/nameref.sty
Package: nameref 2023-11-26 v2.56 Cross-referencing by name of section
(/usr/share/texlive/texmf-dist/tex/latex/refcount/refcount.sty
Package: refcount 2019/12/15 v3.6 Data extraction from label references (HO)
) (/usr/share/texlive/texmf-dist/tex/generic/gettitlestring/gettitlestring.sty
Package: gettitlestring 2019/12/15 v1.6 Cleanup title references (HO)
)
\c@section@level=\count288
)
\@linkdim=\dimen171
\Hy@linkcounter=\count289
\Hy@pagecounter=\count290
(/usr/share/texlive/texmf-dist/tex/latex/hyperref/pd1enc.def
File: pd1enc.def 2024-01-20 v7.01h Hyperref: PDFDocEncoding definition (HO)
Now handling font encoding PD1 ...
... no UTF-8 mapping file for font encoding PD1
) (/usr/share/texlive/texmf-dist/tex/generic/intcalc/intcalc.sty
Package: intcalc 2019/12/15 v1.3 Expandable calculations with integers (HO)
)
\Hy@SavedSpaceFactor=\count291
(/usr/share/texlive/texmf-dist/tex/latex/hyperref/puenc.def
File: puenc.def 2024-01-20 v7.01h Hyperref: PDF Unicode definition (HO)
Now handling font encoding PU ...
... no UTF-8 mapping file for font encoding PU
)
Package hyperref Info: Option `unicode' set `true' on input line 4062.
Package hyperref Info: Hyper figures OFF on input line 4179.
Package hyperref Info: Link nesting OFF on input line 4184.
Package hyperref Info: Hyper index ON on input line 4187.
Package hyperref Info: Plain pages OFF on input line 4194.
Package hyperref Info: Backreferencing OFF on input line 4199.
Package hyperref Info: Implicit mode ON; LaTeX internals redefined.
Package hyperref Info: Bookmarks ON on input line 4446.
\c@Hy@tempcnt=\count292
(/usr/share/texlive/texmf-dist/tex/latex/url/url.sty
\Urlmuskip=\muskip17
Package: url 2013/09/16  ver 3.4  Verb mode for urls, etc.
)
LaTeX Info: Redefining \url on input line 4784.
\XeTeXLinkMargin=\dimen172
(/usr/share/texlive/texmf-dist/tex/generic/bitset/bitset.sty
Package: bitset 2019/12/09 v1.3 Handle bit-vector datatype (HO)
(/usr/share/texlive/texmf-dist/tex/generic/bigintcalc/bigintcalc.sty
Package: bigintcalc 2019/12/15 v1.5 Expandable calculations on big integers (HO
)
))
\Fld@menulength=\count293
\Field@Width=\dimen173
\Fld@charsize=\dimen174
Package hyperref Info: Hyper figures OFF on input line 6063.
Package hyperref Info: Link nesting OFF on input line 6068.
Package hyperref Info: Hyper index ON on input line 6071.
Package hyperref Info: backreferencing OFF on input line 6078.
Package hyperref Info: Link coloring OFF on input line 6083.
Package hyperref Info: Link coloring with OCG OFF on input line 6088.
Package hyperref Info: PDF/A mode OFF on input line 6093.
(/usr/share/texlive/texmf-dist/tex/latex/base/atbegshi-ltx.sty
Package: atbegshi-ltx 2021/01/10 v1.0c Emulation of the original atbegshi
package with kernel methods
)
\Hy@abspage=\count294
\c@Item=\count295
\c@Hfootnote=\count296
)
Package hyperref Info: Driver (autodetected): hpdftex.
(/usr/share/texlive/texmf-dist/tex/latex/hyperref/hpdftex.def
File: hpdftex.def 2024-01-20 v7.01h Hyperref driver for pdfTeX
(/usr/share/texlive/texmf-dist/tex/latex/base/atveryend-ltx.sty
Package: atveryend-ltx 2020/08/19 v1.0a Emulation of the original atveryend pac
kage
with kernel methods
)
\Fld@listcount=\count297
\c@bookmark@seq@number=\count298
(/usr/share/texlive/texmf-dist/tex/latex/rerunfilecheck/rerunfilecheck.sty
Package: rerunfilecheck 2022-07-10 v1.10 Rerun checks for auxiliary files (HO)
(/usr/share/texlive/texmf-dist/tex/generic/uniquecounter/uniquecounter.sty
Package: uniquecounter 2019/12/15 v1.4 Provide unlimited unique counter (HO)
)
Package uniquecounter Info: New unique counter `rerunfilecheck' on input line 2
85.
)
\Hy@SectionHShift=\skip63
) (/usr/share/texlive/texmf-dist/tex/latex/bookmark/bkm-pdftex.def
File: bkm-pdftex.def 2023-12-10 v1.31 bookmark driver for pdfTeX and luaTeX (HO
)
\BKM@id=\count299
)) (/usr/share/texlive/texmf-dist/tex/latex/xurl/xurl.sty
Package: xurl 2022/01/09 v 0.10 modify URL breaks
)
LaTeX Font Info:    Trying to load font information for T1+lmr on input line 67
.
(/usr/share/texmf/tex/latex/lm/t1lmr.fd
File: t1lmr.fd 2015/05/01 v1.6.1 Font defs for Latin Modern
) (/usr/share/texlive/texmf-dist/tex/latex/l3backend/l3backend-pdftex.def
File: l3backend-pdftex.def 2024-01-04 L3 backend support: PDF output (pdfTeX)
\l__color_backend_stack_int=\count300
\l__pdf_internal_box=\box62
)
No file matrices.aux.
\openout1 = `matrices.aux'.

LaTeX Font Info:    Checking defaults for OML/cmm/m/it on input line 67.
LaTeX Font Info:    ... okay on input line 67.
LaTeX Font Info:    Checking defaults for OMS/cmsy/m/n on input line 67.
LaTeX Font Info:    ... okay on input line 67.
LaTeX Font Info:    Checking defaults for OT1/cmr/m/n on input line 67.
LaTeX Font Info:    ... okay on input line 67.
LaTeX Font Info:    Checking defaults for T1/cmr/m/n on input line 67.
LaTeX Font Info:    ... okay on input line 67.
LaTeX Font Info:    Checking defaults for TS1/cmr/m/n on input line 67.
LaTeX Font Info:    ... okay on input line 67.
LaTeX Font Info:    Checking defaults for OMX/cmex/m/n on input line 67.
LaTeX Font Info:    ... okay on input line 67.
LaTeX Font Info:    Checking defaults for U/cmr/m/n on input line 67.
LaTeX Font Info:    ... okay on input line 67.
LaTeX Font Info:    Checking defaults for PD1/pdf/m/n on input line 67.
LaTeX Font Info:    ... okay on input line 67.
LaTeX Font Info:    Checking defaults for PU/pdf/m/n on input line 67.
LaTeX Font Info:    ... okay on input line 67.
LaTeX Info: Redefining \microtypecontext on input line 67.
Package microtype Info: Applying patch `item' on input line 67.
Package microtype Info: Applying patch `toc' on input line 67.
Package microtype Info: Applying patch `eqnum' on input line 67.
Package microtype Info: Applying patch `footnote' on input line 67.
Package microtype Info: Applying patch `verbatim' on input line 67.
Package microtype Info: Generating PDF output.
Package microtype Info: Character protrusion enabled (level 2).
Package microtype Info: Using protrusion set `basicmath'.
Package microtype Info: Automatic font expansion enabled (level 2),
(microtype)             stretch: 20, shrink: 20, step: 1, non-selected.
Package microtype Info: Using default expansion set `alltext-nott'.
LaTeX Info: Redefining \showhyphens on input line 67.
Package microtype Info: No adjustment of tracking.
Package microtype Info: No adjustment of interword spacing.
Package microtype Info: No adjustment of character kerning.
(/usr/share/texlive/texmf-dist/tex/latex/microtype/mt-cmr.cfg
File: mt-cmr.cfg 2013/05/19 v2.2 microtype config. file: Computer Modern Roman 
(RS)
) (/usr/share/texlive/texmf-dist/tex/context/base/mkii/supp-pdf.mkii
[Loading MPS to PDF converter (version 2006.09.02).]
\scratchcounter=\count301
\scratchdimen=\dimen175
\scratchbox=\box63
\nofMPsegments=\count302
\nofMParguments=\count303
\everyMPshowfont=\toks30
\MPscratchCnt=\count304
\MPscratchDim=\dimen176
\MPnumerator=\count305
\makeMPintoPDFobject=\count306
\everyMPtoPDFconversion=\toks31
)
Package hyperref Info: Link coloring OFF on input line 67.
LaTeX Font Info:    Trying to load font information for TS1+lmr on input line 7
5.
(/usr/share/texmf/tex/latex/lm/ts1lmr.fd
File: ts1lmr.fd 2015/05/01 v1.6.1 Font defs for Latin Modern
)
LaTeX Font Info:    Trying to load font information for OT1+lmr on input line 7
5.
(/usr/share/texmf/tex/latex/lm/ot1lmr.fd
File: ot1lmr.fd 2015/05/01 v1.6.1 Font defs for Latin Modern
)
LaTeX Font Info:    Trying to load font information for OML+lmm on input line 7
5.
(/usr/share/texmf/tex/latex/lm/omllmm.fd
File: omllmm.fd 2015/05/01 v1.6.1 Font defs for Latin Modern
)
LaTeX Font Info:    Trying to load font information for OMS+lmsy on input line 
75.
(/usr/share/texmf/tex/latex/lm/omslmsy.fd
File: omslmsy.fd 2015/05/01 v1.6.1 Font defs for Latin Modern
)
LaTeX Font Info:    Trying to load font information for OMX+lmex on input line 
75.
(/usr/share/texmf/tex/latex/lm/omxlmex.fd
File: omxlmex.fd 2015/05/01 v1.6.1 Font defs for Latin Modern
)
LaTeX Font Info:    External font `lmex10' loaded for size
(Font)              <14.4> on input line 75.
LaTeX Font Info:    External font `lmex10' loaded for size
(Font)              <10> on input line 75.
LaTeX Font Info:    External font `lmex10' loaded for size
(Font)              <7> on input line 75.
LaTeX Font Info:    Trying to load font information for U+msa on input line 75.

(/usr/share/texlive/texmf-dist/tex/latex/amsfonts/umsa.fd
File: umsa.fd 2013/01/14 v3.01 AMS symbols A
) (/usr/share/texlive/texmf-dist/tex/latex/microtype/mt-msa.cfg
File: mt-msa.cfg 2006/02/04 v1.1 microtype config. file: AMS symbols (a) (RS)
)
LaTeX Font Info:    Trying to load font information for U+msb on input line 75.

(/usr/share/texlive/texmf-dist/tex/latex/amsfonts/umsb.fd
File: umsb.fd 2013/01/14 v3.01 AMS symbols B
) (/usr/share/texlive/texmf-dist/tex/latex/microtype/mt-msb.cfg
File: mt-msb.cfg 2005/06/01 v1.0 microtype config. file: AMS symbols (b) (RS)
) [1

{/var/lib/texmf/fonts/map/pdftex/updmap/pdftex.map}{/usr/share/texmf/fonts/enc/
dvips/lm/lm-ec.enc}{/usr/share/texmf/fonts/enc/dvips/lm/lm-ts1.enc}{/usr/share/
texmf/fonts/enc/dvips/lm/lm-mathsy.enc}{/usr/share/texmf/fonts/enc/dvips/lm/lm-
mathit.enc}{/usr/share/texmf/fonts/enc/dvips/lm/lm-rm.enc}] [2] [3] [4] [5] [6]
[7] [8] [9] [10] [11] [12] [13] [14] [15] [16] [17] [18] [19] [20]
Overfull \hbox (3.81432pt too wide) in paragraph at lines 1135--1135
 []|\T1/lmr/m/n/14.4 (-20) (\T1/lmr/m/it/14.4 (-20) 1000\T1/lmr/m/n/14.4 (-20) 
)| 
 []

[21] [22] [23] [24] [25] [26] [27]
Overfull \hbox (3.81432pt too wide) in paragraph at lines 1136--1136
 []|\T1/lmr/m/n/14.4 (-20) (\T1/lmr/m/it/14.4 (-20) 1001\T1/lmr/m/n/14.4 (-20) 
)| 
 []


Overfull \hbox (3.81432pt too wide) in paragraph at lines 1137--1137
 []|\T1/lmr/m/n/14.4 (-20) (\T1/lmr/m/it/14.4 (-20) 1002\T1/lmr/m/n/14.4 (-20) 
)| 
 []


Overfull \hbox (3.81432pt too wide) in paragraph at lines 1138--1138
 []|\T1/lmr/m/n/14.4 (-20) (\T1/lmr/m/it/14.4 (-20) 1003\T1/lmr/m/n/14.4 (-20) 
)| 
 []


Overfull \hbox (3.81432pt too wide) in paragraph at lines 1139--1139
 []|\T1/lmr/m/n/14.4 (-20) (\T1/lmr/m/it/14.4 (-20) 1004\T1/lmr/m/n/14.4 (-20) 
)| 
 []


Overfull \hbox (3.81432pt too wide) in paragraph at lines 1140--1140
 []|\T1/lmr/m/n/14.4 (-20) (\T1/lmr/m/it/14.4 (-20) 1005\T1/lmr/m/n/14.4 (-20) 
)| 
 []


Overfull \hbox (3.81432pt too wide) in paragraph at lines 1141--1141
 []|\T1/lmr/m/n/14.4 (-20) (\T1/lmr/m/it/14.4 (-20) 1006\T1/lmr/m/n/14.4 (-20) 
)| 
 []


Overfull \hbox (3.81432pt too wide) in paragraph at lines 1142--1142
 []|\T1/lmr/m/n/14.4 (-20) (\T1/lmr/m/it/14.4 (-20) 1007\T1/lmr/m/n/14.4 (-20) 
)| 
 []


Overfull \hbox (3.81432pt too wide) in paragraph at lines 1143--1143
 []|\T1/lmr/m/n/14.4 (-20) (\T1/lmr/m/it/14.4 (-20) 1008\T1/lmr/m/n/14.4 (-20) 
)| 
 []


Overfull \hbox (3.81432pt too wide) in paragraph at lines 1144--1144
 []|\T1/lmr/m/n/14.4 (-20) (\T1/lmr/m/it/14.4 (-20) 1009\T1/lmr/m/n/14.4 (-20) 
)| 
 []


Overfull \hbox (3.81432pt too wide) in paragraph at lines 1145--1145
 []|\T1/lmr/m/n/14.4 (-20) (\T1/lmr/m/it/14.4 (-20) 1010\T1/lmr/m/n/14.4 (-20) 
)| 
 []


Overfull \hbox (3.81432pt too wide) in paragraph at lines 1146--1146
 []|\T1/lmr/m/n/14.4 (-20) (\T1/lmr/m/it/14.4 (-20) 1011\T1/lmr/m/n/14.4 (-20) 
)| 
 []


Overfull \hbox (3.81432pt too wide) in paragraph at lines 1147--1147
 []|\T1/lmr/m/n/14.4 (-20) (\T1/lmr/m/it/14.4 (-20) 1012\T1/lmr/m/n/14.4 (-20) 
)| 
 []


Overfull \hbox (3.81432pt too wide) in paragraph at lines 1148--1148
 []|\T1/lmr/m/n/14.4 (-20) (\T1/lmr/m/it/14.4 (-20) 1013\T1/lmr/m/n/14.4 (-20) 
)| 
 []


Overfull \hbox (3.81432pt too wide) in paragraph at lines 1149--1149
 []|\T1/lmr/m/n/14.4 (-20) (\T1/lmr/m/it/14.4 (-20) 1014\T1/lmr/m/n/14.4 (-20) 
)| 
 []


Overfull \hbox (3.81432pt too wide) in paragraph at lines 1150--1150
 []|\T1/lmr/m/n/14.4 (-20) (\T1/lmr/m/it/14.4 (-20) 1015\T1/lmr/m/n/14.4 (-20) 
)| 
 []


Overfull \hbox (3.81432pt too wide) in paragraph at lines 1151--1151
 []|\T1/lmr/m/n/14.4 (-20) (\T1/lmr/m/it/14.4 (-20) 1016\T1/lmr/m/n/14.4 (-20) 
)| 
 []


Overfull \hbox (3.81432pt too wide) in paragraph at lines 1152--1152
 []|\T1/lmr/m/n/14.4 (-20) (\T1/lmr/m/it/14.4 (-20) 1017\T1/lmr/m/n/14.4 (-20) 
)| 
 []


Overfull \hbox (3.81432pt too wide) in paragraph at lines 1153--1153
 []|\T1/lmr/m/n/14.4 (-20) (\T1/lmr/m/it/14.4 (-20) 1018\T1/lmr/m/n/14.4 (-20) 
)| 
 []


Overfull \hbox (3.81432pt too wide) in paragraph at lines 1154--1154
 []|\T1/lmr/m/n/14.4 (-20) (\T1/lmr/m/it/14.4 (-20) 1019\T1/lmr/m/n/14.4 (-20) 
)| 
 []


Overfull \hbox (3.81432pt too wide) in paragraph at lines 1155--1155
 []|\T1/lmr/m/n/14.4 (-20) (\T1/lmr/m/it/14.4 (-20) 1020\T1/lmr/m/n/14.4 (-20) 
)| 
 []


Overfull \hbox (3.81432pt too wide) in paragraph at lines 1156--1156
 []|\T1/lmr/m/n/14.4 (-20) (\T1/lmr/m/it/14.4 (-20) 1021\T1/lmr/m/n/14.4 (-20) 
)| 
 []


Overfull \hbox (3.81432pt too wide) in paragraph at lines 1157--1157
 []|\T1/lmr/m/n/14.4 (-20) (\T1/lmr/m/it/14.4 (-20) 1022\T1/lmr/m/n/14.4 (-20) 
)| 
 []


Overfull \hbox (3.81432pt too wide) in paragraph at lines 1158--1158
 []|\T1/lmr/m/n/14.4 (-20) (\T1/lmr/m/it/14.4 (-20) 1023\T1/lmr/m/n/14.4 (-20) 
)| 
 []


Overfull \hbox (3.81432pt too wide) in paragraph at lines 1159--1159
 []|\T1/lmr/m/n/14.4 (-20) (\T1/lmr/m/it/14.4 (-20) 1024\T1/lmr/m/n/14.4 (-20) 
)| 
 []


Overfull \hbox (3.81432pt too wide) in paragraph at lines 1160--1160
 []|\T1/lmr/m/n/14.4 (-20) (\T1/lmr/m/it/14.4 (-20) 1025\T1/lmr/m/n/14.4 (-20) 
)| 
 []


Overfull \hbox (3.81432pt too wide) in paragraph at lines 1161--1161
 []|\T1/lmr/m/n/14.4 (-20) (\T1/lmr/m/it/14.4 (-20) 1026\T1/lmr/m/n/14.4 (-20) 
)| 
 []


Overfull \hbox (3.81432pt too wide) in paragraph at lines 1162--1162
 []|\T1/lmr/m/n/14.4 (-20) (\T1/lmr/m/it/14.4 (-20) 1027\T1/lmr/m/n/14.4 (-20) 
)| 
 []


Overfull \hbox (3.81432pt too wide) in paragraph at lines 1163--1163
 []|\T1/lmr/m/n/14.4 (-20) (\T1/lmr/m/it/14.4 (-20) 1028\T1/lmr/m/n/14.4 (-20) 
)| 
 []


Overfull \hbox (3.81432pt too wide) in paragraph at lines 1164--1164
 []|\T1/lmr/m/n/14.4 (-20) (\T1/lmr/m/it/14.4 (-20) 1029\T1/lmr/m/n/14.4 (-20) 
)| 
 []


Overfull \hbox (3.81432pt too wide) in paragraph at lines 1165--1165
 []|\T1/lmr/m/n/14.4 (-20) (\T1/lmr/m/it/14.4 (-20) 1030\T1/lmr/m/n/14.4 (-20) 
)| 
 []


Overfull \hbox (3.81432pt too wide) in paragraph at lines 1166--1166
 []|\T1/lmr/m/n/14.4 (-20) (\T1/lmr/m/it/14.4 (-20) 1031\T1/lmr/m/n/14.4 (-20) 
)| 
 []


Overfull \hbox (3.81432pt too wide) in paragraph at lines 1167--1167
 []|\T1/lmr/m/n/14.4 (-20) (\T1/lmr/m/it/14.4 (-20) 1032\T1/lmr/m/n/14.4 (-20) 
)| 
 []


Overfull \hbox (3.81432pt too wide) in paragraph at lines 1168--1168
 []|\T1/lmr/m/n/14.4 (-20) (\T1/lmr/m/it/14.4 (-20) 1033\T1/lmr/m/n/14.4 (-20) 
)| 
 []


Overfull \hbox (3.81432pt too wide) in paragraph at lines 1169--1169
 []|\T1/lmr/m/n/14.4 (-20) (\T1/lmr/m/it/14.4 (-20) 1034\T1/lmr/m/n/14.4 (-20) 
)| 
 []


Overfull \hbox (3.81432pt too wide) in paragraph at lines 1170--1170
 []|\T1/lmr/m/n/14.4 (-20) (\T1/lmr/m/it/14.4 (-20) 1035\T1/lmr/m/n/14.4 (-20) 
)| 
 []


Overfull \hbox (3.81432pt too wide) in paragraph at lines 1171--1171
 []|\T1/lmr/m/n/14.4 (-20) (\T1/lmr/m/it/14.4 (-20) 1036\T1/lmr/m/n/14.4 (-20) 
)| 
 []


Overfull \hbox (3.81432pt too wide) in paragraph at lines 1172--1172
 []|\T1/lmr/m/n/14.4 (-20) (\T1/lmr/m/it/14.4 (-20) 1037\T1/lmr/m/n/14.4 (-20) 
)| 
 []


Overfull \hbox (3.81432pt too wide) in paragraph at lines 1173--1173
 []|\T1/lmr/m/n/14.4 (-20) (\T1/lmr/m/it/14.4 (-20) 1038\T1/lmr/m/n/14.4 (-20) 
)| 
 []


Overfull \hbox (3.81432pt too wide) in paragraph at lines 1174--1174
 []|\T1/lmr/m/n/14.4 (-20) (\T1/lmr/m/it/14.4 (-20) 1039\T1/lmr/m/n/14.4 (-20) 
)| 
 []


Overfull \hbox (3.81432pt too wide) in paragraph at lines 1175--1175
 []|\T1/lmr/m/n/14.4 (-20) (\T1/lmr/m/it/14.4 (-20) 1040\T1/lmr/m/n/14.4 (-20) 
)| 
 []


Overfull \hbox (3.81432pt too wide) in paragraph at lines 1176--1176
 []|\T1/lmr/m/n/14.4 (-20) (\T1/lmr/m/it/14.4 (-20) 1041\T1/lmr/m/n/14.4 (-20) 
)| 
 []


Overfull \hbox (3.81432pt too wide) in paragraph at lines 1177--1177
 []|\T1/lmr/m/n/14.4 (-20) (\T1/lmr/m/it/14.4 (-20) 1042\T1/lmr/m/n/14.4 (-20) 
)| 
 []


Overfull \hbox (3.81432pt too wide) in paragraph at lines 1178--1178
 []|\T1/lmr/m/n/14.4 (-20) (\T1/lmr/m/it/14.4 (-20) 1043\T1/lmr/m/n/14.4 (-20) 
)| 
 []


Overfull \hbox (3.81432pt too wide) in paragraph at lines 1179--1179
 []|\T1/lmr/m/n/14.4 (-20) (\T1/lmr/m/it/14.4 (-20) 1044\T1/lmr/m/n/14.4 (-20) 
)| 
 []


Overfull \hbox (3.81432pt too wide) in paragraph at lines 1180--1180
 []|\T1/lmr/m/n/14.4 (-20) (\T1/lmr/m/it/14.4 (-20) 1045\T1/lmr/m/n/14.4 (-20) 
)| 
 []


Overfull \hbox (3.81432pt too wide) in paragraph at lines 1181--1181
 []|\T1/lmr/m/n/14.4 (-20) (\T1/lmr/m/it/14.4 (-20) 1046\T1/lmr/m/n/14.4 (-20) 
)| 
 []


Overfull \hbox (3.81432pt too wide) in paragraph at lines 1182--1182
 []|\T1/lmr/m/n/14.4 (-20) (\T1/lmr/m/it/14.4 (-20) 1047\T1/lmr/m/n/14.4 (-20) 
)| 
 []


Overfull \hbox (3.81432pt too wide) in paragraph at lines 1183--1183
 []|\T1/lmr/m/n/14.4 (-20) (\T1/lmr/m/it/14.4 (-20) 1048\T1/lmr/m/n/14.4 (-20) 
)| 
 []


Overfull \hbox (3.81432pt too wide) in paragraph at lines 1184--1184
 []|\T1/lmr/m/n/14.4 (-20) (\T1/lmr/m/it/14.4 (-20) 1049\T1/lmr/m/n/14.4 (-20) 
)| 
 []


Overfull \hbox (3.81432pt too wide) in paragraph at lines 1185--1185
 []|\T1/lmr/m/n/14.4 (-20) (\T1/lmr/m/it/14.4 (-20) 1050\T1/lmr/m/n/14.4 (-20) 
)| 
 []


Overfull \hbox (3.81432pt too wide) in paragraph at lines 1186--1186
 []|\T1/lmr/m/n/14.4 (-20) (\T1/lmr/m/it/14.4 (-20) 1051\T1/lmr/m/n/14.4 (-20) 
)| 
 []


Overfull \hbox (3.81432pt too wide) in paragraph at lines 1187--1187
 []|\T1/lmr/m/n/14.4 (-20) (\T1/lmr/m/it/14.4 (-20) 1052\T1/lmr/m/n/14.4 (-20) 
)| 
 []


Overfull \hbox (3.81432pt too wide) in paragraph at lines 1188--1188
 []|\T1/lmr/m/n/14.4 (-20) (\T1/lmr/m/it/14.4 (-20) 1053\T1/lmr/m/n/14.4 (-20) 
)| 
 []


Overfull \hbox (3.81432pt too wide) in paragraph at lines 1189--1189
 []|\T1/lmr/m/n/14.4 (-20) (\T1/lmr/m/it/14.4 (-20) 1054\T1/lmr/m/n/14.4 (-20) 
)| 
 []


Overfull \hbox (3.81432pt too wide) in paragraph at lines 1190--1190
 []|\T1/lmr/m/n/14.4 (-20) (\T1/lmr/m/it/14.4 (-20) 1055\T1/lmr/m/n/14.4 (-20) 
)| 
 []


Overfull \hbox (3.81432pt too wide) in paragraph at lines 1191--1191
 []|\T1/lmr/m/n/14.4 (-20) (\T1/lmr/m/it/14.4 (-20) 1056\T1/lmr/m/n/14.4 (-20) 
)| 
 []


Overfull \hbox (3.81432pt too wide) in paragraph at lines 1192--1192
 []|\T1/lmr/m/n/14.4 (-20) (\T1/lmr/m/it/14.4 (-20) 1057\T1/lmr/m/n/14.4 (-20) 
)| 
 []


Overfull \hbox (3.81432pt too wide) in paragraph at lines 1193--1193
 []|\T1/lmr/m/n/14.4 (-20) (\T1/lmr/m/it/14.4 (-20) 1058\T1/lmr/m/n/14.4 (-20) 
)| 
 []


Overfull \hbox (3.81432pt too wide) in paragraph at lines 1194--1194
 []|\T1/lmr/m/n/14.4 (-20) (\T1/lmr/m/it/14.4 (-20) 1059\T1/lmr/m/n/14.4 (-20) 
)| 
 []


Overfull \hbox (3.81432pt too wide) in paragraph at lines 1195--1195
 []|\T1/lmr/m/n/14.4 (-20) (\T1/lmr/m/it/14.4 (-20) 1060\T1/lmr/m/n/14.4 (-20) 
)| 
 []


Overfull \hbox (3.81432pt too wide) in paragraph at lines 1196--1196
 []|\T1/lmr/m/n/14.4 (-20) (\T1/lmr/m/it/14.4 (-20) 1061\T1/lmr/m/n/14.4 (-20) 
)| 
 []


Overfull \hbox (3.81432pt too wide) in paragraph at lines 1197--1197
 []|\T1/lmr/m/n/14.4 (-20) (\T1/lmr/m/it/14.4 (-20) 1062\T1/lmr/m/n/14.4 (-20) 
)| 
 []


Overfull \hbox (3.81432pt too wide) in paragraph at lines 1198--1198
 []|\T1/lmr/m/n/14.4 (-20) (\T1/lmr/m/it/14.4 (-20) 1063\T1/lmr/m/n/14.4 (-20) 
)| 
 []


Overfull \hbox (3.81432pt too wide) in paragraph at lines 1199--1199
 []|\T1/lmr/m/n/14.4 (-20) (\T1/lmr/m/it/14.4 (-20) 1064\T1/lmr/m/n/14.4 (-20) 
)| 
 []


Overfull \hbox (3.81432pt too wide) in paragraph at lines 1200--1200
 []|\T1/lmr/m/n/14.4 (-20) (\T1/lmr/m/it/14.4 (-20) 1065\T1/lmr/m/n/14.4 (-20) 
)| 
 []


Overfull \hbox (3.81432pt too wide) in paragraph at lines 1201--1201
 []|\T1/lmr/m/n/14.4 (-20) (\T1/lmr/m/it/14.4 (-20) 1066\T1/lmr/m/n/14.4 (-20) 
)| 
 []


Overfull \hbox (3.81432pt too wide) in paragraph at lines 1202--1202
 []|\T1/lmr/m/n/14.4 (-20) (\T1/lmr/m/it/14.4 (-20) 1067\T1/lmr/m/n/14.4 (-20) 
)| 
 []


Overfull \hbox (3.81432pt too wide) in paragraph at lines 1203--1203
 []|\T1/lmr/m/n/14.4 (-20) (\T1/lmr/m/it/14.4 (-20) 1068\T1/lmr/m/n/14.4 (-20) 
)| 
 []


Overfull \hbox (3.81432pt too wide) in paragraph at lines 1204--1204
 []|\T1/lmr/m/n/14.4 (-20) (\T1/lmr/m/it/14.4 (-20) 1069\T1/lmr/m/n/14.4 (-20) 
)| 
 []


Overfull \hbox (3.81432pt too wide) in paragraph at lines 1205--1205
 []|\T1/lmr/m/n/14.4 (-20) (\T1/lmr/m/it/14.4 (-20) 1070\T1/lmr/m/n/14.4 (-20) 
)| 
 []


Overfull \hbox (3.81432pt too wide) in paragraph at lines 1206--1206
 []|\T1/lmr/m/n/14.4 (-20) (\T1/lmr/m/it/14.4 (-20) 1071\T1/lmr/m/n/14.4 (-20) 
)| 
 []


Overfull \hbox (3.81432pt too wide) in paragraph at lines 1207--1207
 []|\T1/lmr/m/n/14.4 (-20) (\T1/lmr/m/it/14.4 (-20) 1072\T1/lmr/m/n/14.4 (-20) 
)| 
 []


Overfull \hbox (3.81432pt too wide) in paragraph at lines 1208--1208
 []|\T1/lmr/m/n/14.4 (-20) (\T1/lmr/m/it/14.4 (-20) 1073\T1/lmr/m/n/14.4 (-20) 
)| 
 []


Overfull \hbox (3.81432pt too wide) in paragraph at lines 1209--1209
 []|\T1/lmr/m/n/14.4 (-20) (\T1/lmr/m/it/14.4 (-20) 1074\T1/lmr/m/n/14.4 (-20) 
)| 
 []


Overfull \hbox (3.81432pt too wide) in paragraph at lines 1210--1210
 []|\T1/lmr/m/n/14.4 (-20) (\T1/lmr/m/it/14.4 (-20) 1075\T1/lmr/m/n/14.4 (-20) 
)| 
 []


Overfull \hbox (3.81432pt too wide) in paragraph at lines 1211--1211
 []|\T1/lmr/m/n/14.4 (-20) (\T1/lmr/m/it/14.4 (-20) 1076\T1/lmr/m/n/14.4 (-20) 
)| 
 []


Overfull \hbox (3.81432pt too wide) in paragraph at lines 1212--1212
 []|\T1/lmr/m/n/14.4 (-20) (\T1/lmr/m/it/14.4 (-20) 1077\T1/lmr/m/n/14.4 (-20) 
)| 
 []


Overfull \hbox (3.81432pt too wide) in paragraph at lines 1213--1213
 []|\T1/lmr/m/n/14.4 (-20) (\T1/lmr/m/it/14.4 (-20) 1078\T1/lmr/m/n/14.4 (-20) 
)| 
 []


Overfull \hbox (3.81432pt too wide) in paragraph at lines 1214--1214
 []|\T1/lmr/m/n/14.4 (-20) (\T1/lmr/m/it/14.4 (-20) 1079\T1/lmr/m/n/14.4 (-20) 
)| 
 []


Overfull \hbox (3.81432pt too wide) in paragraph at lines 1215--1215
 []|\T1/lmr/m/n/14.4 (-20) (\T1/lmr/m/it/14.4 (-20) 1080\T1/lmr/m/n/14.4 (-20) 
)| 
 []


Overfull \hbox (3.81432pt too wide) in paragraph at lines 1216--1216
 []|\T1/lmr/m/n/14.4 (-20) (\T1/lmr/m/it/14.4 (-20) 1081\T1/lmr/m/n/14.4 (-20) 
)| 
 []


Overfull \hbox (3.81432pt too wide) in paragraph at lines 1217--1217
 []|\T1/lmr/m/n/14.4 (-20) (\T1/lmr/m/it/14.4 (-20) 1082\T1/lmr/m/n/14.4 (-20) 
)| 
 []


Overfull \hbox (3.81432pt too wide) in paragraph at lines 1218--1218
 []|\T1/lmr/m/n/14.4 (-20) (\T1/lmr/m/it/14.4 (-20) 1083\T1/lmr/m/n/14.4 (-20) 
)| 
 []


Overfull \hbox (3.81432pt too wide) in paragraph at lines 1219--1219
 []|\T1/lmr/m/n/14.4 (-20) (\T1/lmr/m/it/14.4 (-20) 1084\T1/lmr/m/n/14.4 (-20) 
)| 
 []


Overfull \hbox (3.81432pt too wide) in paragraph at lines 1220--1220
 []|\T1/lmr/m/n/14.4 (-20) (\T1/lmr/m/it/14.4 (-20) 1085\T1/lmr/m/n/14.4 (-20) 
)| 
 []


Overfull \hbox (3.81432pt too wide) in paragraph at lines 1221--1221
 []|\T1/lmr/m/n/14.4 (-20) (\T1/lmr/m/it/14.4 (-20) 1086\T1/lmr/m/n/14.4 (-20) 
)| 
 []


Overfull \hbox (3.81432pt too wide) in paragraph at lines 1222--1222
 []|\T1/lmr/m/n/14.4 (-20) (\T1/lmr/m/it/14.4 (-20) 1087\T1/lmr/m/n/14.4 (-20) 
)| 
 []


Overfull \hbox (3.81432pt too wide) in paragraph at lines 1223--1223
 []|\T1/lmr/m/n/14.4 (-20) (\T1/lmr/m/it/14.4 (-20) 1088\T1/lmr/m/n/14.4 (-20) 
)| 
 []


Overfull \hbox (3.81432pt too wide) in paragraph at lines 1224--1224
 []|\T1/lmr/m/n/14.4 (-20) (\T1/lmr/m/it/14.4 (-20) 1089\T1/lmr/m/n/14.4 (-20) 
)| 
 []


Overfull \hbox (3.81432pt too wide) in paragraph at lines 1225--1225
 []|\T1/lmr/m/n/14.4 (-20) (\T1/lmr/m/it/14.4 (-20) 1090\T1/lmr/m/n/14.4 (-20) 
)| 
 []


Overfull \hbox (3.81432pt too wide) in paragraph at lines 1226--1226
 []|\T1/lmr/m/n/14.4 (-20) (\T1/lmr/m/it/14.4 (-20) 1091\T1/lmr/m/n/14.4 (-20) 
)| 
 []


Overfull \hbox (3.81432pt too wide) in paragraph at lines 1227--1227
 []|\T1/lmr/m/n/14.4 (-20) (\T1/lmr/m/it/14.4 (-20) 1092\T1/lmr/m/n/14.4 (-20) 
)| 
 []


Overfull \hbox (3.81432pt too wide) in paragraph at lines 1228--1228
 []|\T1/lmr/m/n/14.4 (-20) (\T1/lmr/m/it/14.4 (-20) 1093\T1/lmr/m/n/14.4 (-20) 
)| 
 []


Overfull \hbox (3.81432pt too wide) in paragraph at lines 1229--1229
 []|\T1/lmr/m/n/14.4 (-20) (\T1/lmr/m/it/14.4 (-20) 1094\T1/lmr/m/n/14.4 (-20) 
)| 
 []


Overfull \hbox (3.81432pt too wide) in paragraph at lines 1230--1230
 []|\T1/lmr/m/n/14.4 (-20) (\T1/lmr/m/it/14.4 (-20) 1095\T1/lmr/m/n/14.4 (-20) 
)| 
 []


Overfull \hbox (3.81432pt too wide) in paragraph at lines 1231--1231
 []|\T1/lmr/m/n/14.4 (-20) (\T1/lmr/m/it/14.4 (-20) 1096\T1/lmr/m/n/14.4 (-20) 
)| 
 []


Overfull \hbox (3.81432pt too wide) in paragraph at lines 1232--1232
 []|\T1/lmr/m/n/14.4 (-20) (\T1/lmr/m/it/14.4 (-20) 1097\T1/lmr/m/n/14.4 (-20) 
)| 
 []


Overfull \hbox (3.81432pt too wide) in paragraph at lines 1233--1233
 []|\T1/lmr/m/n/14.4 (-20) (\T1/lmr/m/it/14.4 (-20) 1098\T1/lmr/m/n/14.4 (-20) 
)| 
 []


Overfull \hbox (3.81432pt too wide) in paragraph at lines 1234--1234
 []|\T1/lmr/m/n/14.4 (-20) (\T1/lmr/m/it/14.4 (-20) 1099\T1/lmr/m/n/14.4 (-20) 
)| 
 []


Overfull \hbox (3.81432pt too wide) in paragraph at lines 1235--1235
 []|\T1/lmr/m/n/14.4 (-20) (\T1/lmr/m/it/14.4 (-20) 1100\T1/lmr/m/n/14.4 (-20) 
)| 
 []


Overfull \hbox (3.81432pt too wide) in paragraph at lines 1236--1236
 []|\T1/lmr/m/n/14.4 (-20) (\T1/lmr/m/it/14.4 (-20) 1101\T1/lmr/m/n/14.4 (-20) 
)| 
 []


Overfull \hbox (3.81432pt too wide) in paragraph at lines 1237--1237
 []|\T1/lmr/m/n/14.4 (-20) (\T1/lmr/m/it/14.4 (-20) 1102\T1/lmr/m/n/14.4 (-20) 
)| 
 []


Overfull \hbox (3.81432pt too wide) in paragraph at lines 1238--1238
 []|\T1/lmr/m/n/14.4 (-20) (\T1/lmr/m/it/14.4 (-20) 1103\T1/lmr/m/n/14.4 (-20) 
)| 
 []


Overfull \hbox (3.81432pt too wide) in paragraph at lines 1239--1239
 []|\T1/lmr/m/n/14.4 (-20) (\T1/lmr/m/it/14.4 (-20) 1104\T1/lmr/m/n/14.4 (-20) 
)| 
 []


Overfull \hbox (3.81432pt too wide) in paragraph at lines 1240--1240
 []|\T1/lmr/m/n/14.4 (-20) (\T1/lmr/m/it/14.4 (-20) 1105\T1/lmr/m/n/14.4 (-20) 
)| 
 []


Overfull \hbox (3.81432pt too wide) in paragraph at lines 1241--1241
 []|\T1/lmr/m/n/14.4 (-20) (\T1/lmr/m/it/14.4 (-20) 1106\T1/lmr/m/n/14.4 (-20) 
)| 
 []


Overfull \hbox (3.81432pt too wide) in paragraph at lines 1242--1242
 []|\T1/lmr/m/n/14.4 (-20) (\T1/lmr/m/it/14.4 (-20) 1107\T1/lmr/m/n/14.4 (-20) 
)| 
 []


Overfull \hbox (3.81432pt too wide) in paragraph at lines 1243--1243
 []|\T1/lmr/m/n/14.4 (-20) (\T1/lmr/m/it/14.4 (-20) 1108\T1/lmr/m/n/14.4 (-20) 
)| 
 []


Overfull \hbox (3.81432pt too wide) in paragraph at lines 1244--1244
 []|\T1/lmr/m/n/14.4 (-20) (\T1/lmr/m/it/14.4 (-20) 1109\T1/lmr/m/n/14.4 (-20) 
)| 
 []


Overfull \hbox (3.81432pt too wide) in paragraph at lines 1245--1245
 []|\T1/lmr/m/n/14.4 (-20) (\T1/lmr/m/it/14.4 (-20) 1110\T1/lmr/m/n/14.4 (-20) 
)| 
 []


Overfull \hbox (3.81432pt too wide) in paragraph at lines 1246--1246
 []|\T1/lmr/m/n/14.4 (-20) (\T1/lmr/m/it/14.4 (-20) 1111\T1/lmr/m/n/14.4 (-20) 
)| 
 []


Overfull \hbox (3.81432pt too wide) in paragraph at lines 1247--1247
 []|\T1/lmr/m/n/14.4 (-20) (\T1/lmr/m/it/14.4 (-20) 1112\T1/lmr/m/n/14.4 (-20) 
)| 
 []


Overfull \hbox (3.81432pt too wide) in paragraph at lines 1248--1248
 []|\T1/lmr/m/n/14.4 (-20) (\T1/lmr/m/it/14.4 (-20) 1113\T1/lmr/m/n/14.4 (-20) 
)| 
 []


Overfull \hbox (3.81432pt too wide) in paragraph at lines 1249--1249
 []|\T1/lmr/m/n/14.4 (-20) (\T1/lmr/m/it/14.4 (-20) 1114\T1/lmr/m/n/14.4 (-20) 
)| 
 []


Overfull \hbox (3.81432pt too wide) in paragraph at lines 1250--1250
 []|\T1/lmr/m/n/14.4 (-20) (\T1/lmr/m/it/14.4 (-20) 1115\T1/lmr/m/n/14.4 (-20) 
)| 
 []


Overfull \hbox (3.81432pt too wide) in paragraph at lines 1251--1251
 []|\T1/lmr/m/n/14.4 (-20) (\T1/lmr/m/it/14.4 (-20) 1116\T1/lmr/m/n/14.4 (-20) 
)| 
 []


Overfull \hbox (3.81432pt too wide) in paragraph at lines 1252--1252
 []|\T1/lmr/m/n/14.4 (-20) (\T1/lmr/m/it/14.4 (-20) 1117\T1/lmr/m/n/14.4 (-20) 
)| 
 []


Overfull \hbox (3.81432pt too wide) in paragraph at lines 1253--1253
 []|\T1/lmr/m/n/14.4 (-20) (\T1/lmr/m/it/14.4 (-20) 1118\T1/lmr/m/n/14.4 (-20) 
)| 
 []


Overfull \hbox (3.81432pt too wide) in paragraph at lines 1254--1254
 []|\T1/lmr/m/n/14.4 (-20) (\T1/lmr/m/it/14.4 (-20) 1119\T1/lmr/m/n/14.4 (-20) 
)| 
 []


Overfull \hbox (3.81432pt too wide) in paragraph at lines 1255--1255
 []|\T1/lmr/m/n/14.4 (-20) (\T1/lmr/m/it/14.4 (-20) 1120\T1/lmr/m/n/14.4 (-20) 
)| 
 []


Overfull \hbox (3.81432pt too wide) in paragraph at lines 1256--1256
 []|\T1/lmr/m/n/14.4 (-20) (\T1/lmr/m/it/14.4 (-20) 1121\T1/lmr/m/n/14.4 (-20) 
)| 
 []


Overfull \hbox (3.81432pt too wide) in paragraph at lines 1257--1257
 []|\T1/lmr/m/n/14.4 (-20) (\T1/lmr/m/it/14.4 (-20) 1122\T1/lmr/m/n/14.4 (-20) 
)| 
 []


Overfull \hbox (3.81432pt too wide) in paragraph at lines 1258--1258
 []|\T1/lmr/m/n/14.4 (-20) (\T1/lmr/m/it/14.4 (-20) 1123\T1/lmr/m/n/14.4 (-20) 
)| 
 []


Overfull \hbox (3.81432pt too wide) in paragraph at lines 1259--1259
 []|\T1/lmr/m/n/14.4 (-20) (\T1/lmr/m/it/14.4 (-20) 1124\T1/lmr/m/n/14.4 (-20) 
)| 
 []


Overfull \hbox (3.81432pt too wide) in paragraph at lines 1260--1260
 []|\T1/lmr/m/n/14.4 (-20) (\T1/lmr/m/it/14.4 (-20) 1125\T1/lmr/m/n/14.4 (-20) 
)| 
 []


Overfull \hbox (3.81432pt too wide) in paragraph at lines 1261--1261
 []|\T1/lmr/m/n/14.4 (-20) (\T1/lmr/m/it/14.4 (-20) 1126\T1/lmr/m/n/14.4 (-20) 
)| 
 []


Overfull \hbox (3.81432pt too wide) in paragraph at lines 1262--1262
 []|\T1/lmr/m/n/14.4 (-20) (\T1/lmr/m/it/14.4 (-20) 1127\T1/lmr/m/n/14.4 (-20) 
)| 
 []


Overfull \hbox (3.81432pt too wide) in paragraph at lines 1263--1263
 []|\T1/lmr/m/n/14.4 (-20) (\T1/lmr/m/it/14.4 (-20) 1128\T1/lmr/m/n/14.4 (-20) 
)| 
 []


Overfull \hbox (3.81432pt too wide) in paragraph at lines 1264--1264
 []|\T1/lmr/m/n/14.4 (-20) (\T1/lmr/m/it/14.4 (-20) 1129\T1/lmr/m/n/14.4 (-20) 
)| 
 []


Overfull \hbox (3.81432pt too wide) in paragraph at lines 1265--1265
 []|\T1/lmr/m/n/14.4 (-20) (\T1/lmr/m/it/14.4 (-20) 1130\T1/lmr/m/n/14.4 (-20) 
)| 
 []


Overfull \hbox (3.81432pt too wide) in paragraph at lines 1266--1266
 []|\T1/lmr/m/n/14.4 (-20) (\T1/lmr/m/it/14.4 (-20) 1131\T1/lmr/m/n/14.4 (-20) 
)| 
 []


Overfull \hbox (3.81432pt too wide) in paragraph at lines 1267--1267
 []|\T1/lmr/m/n/14.4 (-20) (\T1/lmr/m/it/14.4 (-20) 1132\T1/lmr/m/n/14.4 (-20) 
)| 
 []


Overfull \hbox (3.81432pt too wide) in paragraph at lines 1268--1268
 []|\T1/lmr/m/n/14.4 (-20) (\T1/lmr/m/it/14.4 (-20) 1133\T1/lmr/m/n/14.4 (-20) 
)| 
 []


Overfull \hbox (3.81432pt too wide) in paragraph at lines 1269--1269
 []|\T1/lmr/m/n/14.4 (-20) (\T1/lmr/m/it/14.4 (-20) 1134\T1/lmr/m/n/14.4 (-20) 
)| 
 []


Overfull \hbox (3.81432pt too wide) in paragraph at lines 1270--1270
 []|\T1/lmr/m/n/14.4 (-20) (\T1/lmr/m/it/14.4 (-20) 1135\T1/lmr/m/n/14.4 (-20) 
)| 
 []


Overfull \hbox (3.81432pt too wide) in paragraph at lines 1271--1271
 []|\T1/lmr/m/n/14.4 (-20) (\T1/lmr/m/it/14.4 (-20) 1136\T1/lmr/m/n/14.4 (-20) 
)| 
 []


Overfull \hbox (3.81432pt too wide) in paragraph at lines 1272--1272
 []|\T1/lmr/m/n/14.4 (-20) (\T1/lmr/m/it/14.4 (-20) 1137\T1/lmr/m/n/14.4 (-20) 
)| 
 []


Overfull \hbox (3.81432pt too wide) in paragraph at lines 1273--1273
 []|\T1/lmr/m/n/14.4 (-20) (\T1/lmr/m/it/14.4 (-20) 1138\T1/lmr/m/n/14.4 (-20) 
)| 
 []


Overfull \hbox (3.81432pt too wide) in paragraph at lines 1274--1274
 []|\T1/lmr/m/n/14.4 (-20) (\T1/lmr/m/it/14.4 (-20) 1139\T1/lmr/m/n/14.4 (-20) 
)| 
 []


Overfull \hbox (3.81432pt too wide) in paragraph at lines 1275--1275
 []|\T1/lmr/m/n/14.4 (-20) (\T1/lmr/m/it/14.4 (-20) 1140\T1/lmr/m/n/14.4 (-20) 
)| 
 []


Overfull \hbox (3.81432pt too wide) in paragraph at lines 1276--1276
 []|\T1/lmr/m/n/14.4 (-20) (\T1/lmr/m/it/14.4 (-20) 1141\T1/lmr/m/n/14.4 (-20) 
)| 
 []


Overfull \hbox (3.81432pt too wide) in paragraph at lines 1277--1277
 []|\T1/lmr/m/n/14.4 (-20) (\T1/lmr/m/it/14.4 (-20) 1142\T1/lmr/m/n/14.4 (-20) 
)| 
 []


Overfull \hbox (3.81432pt too wide) in paragraph at lines 1278--1278
 []|\T1/lmr/m/n/14.4 (-20) (\T1/lmr/m/it/14.4 (-20) 1143\T1/lmr/m/n/14.4 (-20) 
)| 
 []


Overfull \hbox (3.81432pt too wide) in paragraph at lines 1279--1279
 []|\T1/lmr/m/n/14.4 (-20) (\T1/lmr/m/it/14.4 (-20) 1144\T1/lmr/m/n/14.4 (-20) 
)| 
 []


Overfull \hbox (3.81432pt too wide) in paragraph at lines 1280--1280
 []|\T1/lmr/m/n/14.4 (-20) (\T1/lmr/m/it/14.4 (-20) 1145\T1/lmr/m/n/14.4 (-20) 
)| 
 []


Overfull \hbox (3.81432pt too wide) in paragraph at lines 1281--1281
 []|\T1/lmr/m/n/14.4 (-20) (\T1/lmr/m/it/14.4 (-20) 1146\T1/lmr/m/n/14.4 (-20) 
)| 
 []


Overfull \hbox (3.81432pt too wide) in paragraph at lines 1282--1282
 []|\T1/lmr/m/n/14.4 (-20) (\T1/lmr/m/it/14.4 (-20) 1147\T1/lmr/m/n/14.4 (-20) 
)| 
 []


Overfull \hbox (3.81432pt too wide) in paragraph at lines 1283--1283
 []|\T1/lmr/m/n/14.4 (-20) (\T1/lmr/m/it/14.4 (-20) 1148\T1/lmr/m/n/14.4 (-20) 
)| 
 []


Overfull \hbox (3.81432pt too wide) in paragraph at lines 1284--1284
 []|\T1/lmr/m/n/14.4 (-20) (\T1/lmr/m/it/14.4 (-20) 1149\T1/lmr/m/n/14.4 (-20) 
)| 
 []


Overfull \hbox (3.81432pt too wide) in paragraph at lines 1285--1285
 []|\T1/lmr/m/n/14.4 (-20) (\T1/lmr/m/it/14.4 (-20) 1150\T1/lmr/m/n/14.4 (-20) 
)| 
 []


Overfull \hbox (3.81432pt too wide) in paragraph at lines 1286--1286
 []|\T1/lmr/m/n/14.4 (-20) (\T1/lmr/m/it/14.4 (-20) 1151\T1/lmr/m/n/14.4 (-20) 
)| 
 []


Overfull \hbox (3.81432pt too wide) in paragraph at lines 1287--1287
 []|\T1/lmr/m/n/14.4 (-20) (\T1/lmr/m/it/14.4 (-20) 1152\T1/lmr/m/n/14.4 (-20) 
)| 
 []


Overfull \hbox (3.81432pt too wide) in paragraph at lines 1288--1288
 []|\T1/lmr/m/n/14.4 (-20) (\T1/lmr/m/it/14.4 (-20) 1153\T1/lmr/m/n/14.4 (-20) 
)| 
 []


Overfull \hbox (3.81432pt too wide) in paragraph at lines 1289--1289
 []|\T1/lmr/m/n/14.4 (-20) (\T1/lmr/m/it/14.4 (-20) 1154\T1/lmr/m/n/14.4 (-20) 
)| 
 []


Overfull \hbox (3.81432pt too wide) in paragraph at lines 1290--1290
 []|\T1/lmr/m/n/14.4 (-20) (\T1/lmr/m/it/14.4 (-20) 1155\T1/lmr/m/n/14.4 (-20) 
)| 
 []


Overfull \hbox (3.81432pt too wide) in paragraph at lines 1291--1291
 []|\T1/lmr/m/n/14.4 (-20) (\T1/lmr/m/it/14.4 (-20) 1156\T1/lmr/m/n/14.4 (-20) 
)| 
 []


Overfull \hbox (3.81432pt too wide) in paragraph at lines 1292--1292
 []|\T1/lmr/m/n/14.4 (-20) (\T1/lmr/m/it/14.4 (-20) 1157\T1/lmr/m/n/14.4 (-20) 
)| 
 []


Overfull \hbox (3.81432pt too wide) in paragraph at lines 1293--1293
 []|\T1/lmr/m/n/14.4 (-20) (\T1/lmr/m/it/14.4 (-20) 1158\T1/lmr/m/n/14.4 (-20) 
)| 
 []


Overfull \hbox (3.81432pt too wide) in paragraph at lines 1294--1294
 []|\T1/lmr/m/n/14.4 (-20) (\T1/lmr/m/it/14.4 (-20) 1159\T1/lmr/m/n/14.4 (-20) 
)| 
 []


Overfull \hbox (3.81432pt too wide) in paragraph at lines 1295--1295
 []|\T1/lmr/m/n/14.4 (-20) (\T1/lmr/m/it/14.4 (-20) 1160\T1/lmr/m/n/14.4 (-20) 
)| 
 []


Overfull \hbox (3.81432pt too wide) in paragraph at lines 1296--1296
 []|\T1/lmr/m/n/14.4 (-20) (\T1/lmr/m/it/14.4 (-20) 1161\T1/lmr/m/n/14.4 (-20) 
)| 
 []


Overfull \hbox (3.81432pt too wide) in paragraph at lines 1297--1297
 []|\T1/lmr/m/n/14.4 (-20) (\T1/lmr/m/it/14.4 (-20) 1162\T1/lmr/m/n/14.4 (-20) 
)| 
 []


Overfull \hbox (3.81432pt too wide) in paragraph at lines 1298--1298
 []|\T1/lmr/m/n/14.4 (-20) (\T1/lmr/m/it/14.4 (-20) 1163\T1/lmr/m/n/14.4 (-20) 
)| 
 []


Overfull \hbox (3.81432pt too wide) in paragraph at lines 1299--1299
 []|\T1/lmr/m/n/14.4 (-20) (\T1/lmr/m/it/14.4 (-20) 1164\T1/lmr/m/n/14.4 (-20) 
)| 
 []


Overfull \hbox (3.81432pt too wide) in paragraph at lines 1300--1300
 []|\T1/lmr/m/n/14.4 (-20) (\T1/lmr/m/it/14.4 (-20) 1165\T1/lmr/m/n/14.4 (-20) 
)| 
 []


Overfull \hbox (3.81432pt too wide) in paragraph at lines 1301--1301
 []|\T1/lmr/m/n/14.4 (-20) (\T1/lmr/m/it/14.4 (-20) 1166\T1/lmr/m/n/14.4 (-20) 
)| 
 []


Overfull \hbox (3.81432pt too wide) in paragraph at lines 1302--1302
 []|\T1/lmr/m/n/14.4 (-20) (\T1/lmr/m/it/14.4 (-20) 1167\T1/lmr/m/n/14.4 (-20) 
)| 
 []


Overfull \hbox (3.81432pt too wide) in paragraph at lines 1303--1303
 []|\T1/lmr/m/n/14.4 (-20) (\T1/lmr/m/it/14.4 (-20) 1168\T1/lmr/m/n/14.4 (-20) 
)| 
 []


Overfull \hbox (3.81432pt too wide) in paragraph at lines 1304--1304
 []|\T1/lmr/m/n/14.4 (-20) (\T1/lmr/m/it/14.4 (-20) 1169\T1/lmr/m/n/14.4 (-20) 
)| 
 []


Overfull \hbox (3.81432pt too wide) in paragraph at lines 1305--1305
 []|\T1/lmr/m/n/14.4 (-20) (\T1/lmr/m/it/14.4 (-20) 1170\T1/lmr/m/n/14.4 (-20) 
)| 
 []


Overfull \hbox (3.81432pt too wide) in paragraph at lines 1306--1306
 []|\T1/lmr/m/n/14.4 (-20) (\T1/lmr/m/it/14.4 (-20) 1171\T1/lmr/m/n/14.4 (-20) 
)| 
 []


Overfull \hbox (3.81432pt too wide) in paragraph at lines 1307--1307
 []|\T1/lmr/m/n/14.4 (-20) (\T1/lmr/m/it/14.4 (-20) 1172\T1/lmr/m/n/14.4 (-20) 
)| 
 []


Overfull \hbox (3.81432pt too wide) in paragraph at lines 1308--1308
 []|\T1/lmr/m/n/14.4 (-20) (\T1/lmr/m/it/14.4 (-20) 1173\T1/lmr/m/n/14.4 (-20) 
)| 
 []


Overfull \hbox (3.81432pt too wide) in paragraph at lines 1309--1309
 []|\T1/lmr/m/n/14.4 (-20) (\T1/lmr/m/it/14.4 (-20) 1174\T1/lmr/m/n/14.4 (-20) 
)| 
 []


Overfull \hbox (3.81432pt too wide) in paragraph at lines 1310--1310
 []|\T1/lmr/m/n/14.4 (-20) (\T1/lmr/m/it/14.4 (-20) 1175\T1/lmr/m/n/14.4 (-20) 
)| 
 []


Overfull \hbox (3.81432pt too wide) in paragraph at lines 1311--1311
 []|\T1/lmr/m/n/14.4 (-20) (\T1/lmr/m/it/14.4 (-20) 1176\T1/lmr/m/n/14.4 (-20) 
)| 
 []


Overfull \hbox (3.81432pt too wide) in paragraph at lines 1312--1312
 []|\T1/lmr/m/n/14.4 (-20) (\T1/lmr/m/it/14.4 (-20) 1177\T1/lmr/m/n/14.4 (-20) 
)| 
 []


Overfull \hbox (3.81432pt too wide) in paragraph at lines 1313--1313
 []|\T1/lmr/m/n/14.4 (-20) (\T1/lmr/m/it/14.4 (-20) 1178\T1/lmr/m/n/14.4 (-20) 
)| 
 []


Overfull \hbox (3.81432pt too wide) in paragraph at lines 1314--1314
 []|\T1/lmr/m/n/14.4 (-20) (\T1/lmr/m/it/14.4 (-20) 1179\T1/lmr/m/n/14.4 (-20) 
)| 
 []


Overfull \hbox (3.81432pt too wide) in paragraph at lines 1315--1315
 []|\T1/lmr/m/n/14.4 (-20) (\T1/lmr/m/it/14.4 (-20) 1180\T1/lmr/m/n/14.4 (-20) 
)| 
 []


Overfull \hbox (3.81432pt too wide) in paragraph at lines 1316--1316
 []|\T1/lmr/m/n/14.4 (-20) (\T1/lmr/m/it/14.4 (-20) 1181\T1/lmr/m/n/14.4 (-20) 
)| 
 []


Overfull \hbox (3.81432pt too wide) in paragraph at lines 1317--1317
 []|\T1/lmr/m/n/14.4 (-20) (\T1/lmr/m/it/14.4 (-20) 1182\T1/lmr/m/n/14.4 (-20) 
)| 
 []


Overfull \hbox (3.81432pt too wide) in paragraph at lines 1318--1318
 []|\T1/lmr/m/n/14.4 (-20) (\T1/lmr/m/it/14.4 (-20) 1183\T1/lmr/m/n/14.4 (-20) 
)| 
 []


Overfull \hbox (3.81432pt too wide) in paragraph at lines 1319--1319
 []|\T1/lmr/m/n/14.4 (-20) (\T1/lmr/m/it/14.4 (-20) 1184\T1/lmr/m/n/14.4 (-20) 
)| 
 []


Overfull \hbox (3.81432pt too wide) in paragraph at lines 1320--1320
 []|\T1/lmr/m/n/14.4 (-20) (\T1/lmr/m/it/14.4 (-20) 1185\T1/lmr/m/n/14.4 (-20) 
)| 
 []


Overfull \hbox (3.81432pt too wide) in paragraph at lines 1321--1321
 []|\T1/lmr/m/n/14.4 (-20) (\T1/lmr/m/it/14.4 (-20) 1186\T1/lmr/m/n/14.4 (-20) 
)| 
 []


Overfull \hbox (3.81432pt too wide) in paragraph at lines 1322--1322
 []|\T1/lmr/m/n/14.4 (-20) (\T1/lmr/m/it/14.4 (-20) 1187\T1/lmr/m/n/14.4 (-20) 
)| 
 []


Overfull \hbox (3.81432pt too wide) in paragraph at lines 1323--1323
 []|\T1/lmr/m/n/14.4 (-20) (\T1/lmr/m/it/14.4 (-20) 1188\T1/lmr/m/n/14.4 (-20) 
)| 
 []


Overfull \hbox (3.81432pt too wide) in paragraph at lines 1324--1324
 []|\T1/lmr/m/n/14.4 (-20) (\T1/lmr/m/it/14.4 (-20) 1189\T1/lmr/m/n/14.4 (-20) 
)| 
 []


Overfull \hbox (3.81432pt too wide) in paragraph at lines 1325--1325
 []|\T1/lmr/m/n/14.4 (-20) (\T1/lmr/m/it/14.4 (-20) 1190\T1/lmr/m/n/14.4 (-20) 
)| 
 []


Overfull \hbox (3.81432pt too wide) in paragraph at lines 1326--1326
 []|\T1/lmr/m/n/14.4 (-20) (\T1/lmr/m/it/14.4 (-20) 1191\T1/lmr/m/n/14.4 (-20) 
)| 
 []


Overfull \hbox (3.81432pt too wide) in paragraph at lines 1327--1327
 []|\T1/lmr/m/n/14.4 (-20) (\T1/lmr/m/it/14.4 (-20) 1192\T1/lmr/m/n/14.4 (-20) 
)| 
 []


Overfull \hbox (3.81432pt too wide) in paragraph at lines 1328--1328
 []|\T1/lmr/m/n/14.4 (-20) (\T1/lmr/m/it/14.4 (-20) 1193\T1/lmr/m/n/14.4 (-20) 
)| 
 []


Overfull \hbox (3.81432pt too wide) in paragraph at lines 1329--1329
 []|\T1/lmr/m/n/14.4 (-20) (\T1/lmr/m/it/14.4 (-20) 1194\T1/lmr/m/n/14.4 (-20) 
)| 
 []


Overfull \hbox (3.81432pt too wide) in paragraph at lines 1330--1330
 []|\T1/lmr/m/n/14.4 (-20) (\T1/lmr/m/it/14.4 (-20) 1195\T1/lmr/m/n/14.4 (-20) 
)| 
 []


Overfull \hbox (3.81432pt too wide) in paragraph at lines 1331--1331
 []|\T1/lmr/m/n/14.4 (-20) (\T1/lmr/m/it/14.4 (-20) 1196\T1/lmr/m/n/14.4 (-20) 
)| 
 []


Overfull \hbox (3.81432pt too wide) in paragraph at lines 1332--1332
 []|\T1/lmr/m/n/14.4 (-20) (\T1/lmr/m/it/14.4 (-20) 1197\T1/lmr/m/n/14.4 (-20) 
)| 
 []


Overfull \hbox (3.81432pt too wide) in paragraph at lines 1333--1333
 []|\T1/lmr/m/n/14.4 (-20) (\T1/lmr/m/it/14.4 (-20) 1198\T1/lmr/m/n/14.4 (-20) 
)| 
 []


Overfull \hbox (3.81432pt too wide) in paragraph at lines 1334--1334
 []|\T1/lmr/m/n/14.4 (-20) (\T1/lmr/m/it/14.4 (-20) 1199\T1/lmr/m/n/14.4 (-20) 
)| 
 []


Overfull \hbox (3.81432pt too wide) in paragraph at lines 1335--1335
 []|\T1/lmr/m/n/14.4 (-20) (\T1/lmr/m/it/14.4 (-20) 1200\T1/lmr/m/n/14.4 (-20) 
)| 
 []

[28] [29] [30] [31] [32] [33]
Overfull \hbox (3.81432pt too wide) in paragraph at lines 1336--1336
 []|\T1/lmr/m/n/14.4 (-20) (\T1/lmr/m/it/14.4 (-20) 1201\T1/lmr/m/n/14.4 (-20) 
)| 
 []


Overfull \hbox (3.81432pt too wide) in paragraph at lines 1337--1337
 []|\T1/lmr/m/n/14.4 (-20) (\T1/lmr/m/it/14.4 (-20) 1202\T1/lmr/m/n/14.4 (-20) 
)| 
 []


Overfull \hbox (3.81432pt too wide) in paragraph at lines 1338--1338
 []|\T1/lmr/m/n/14.4 (-20) (\T1/lmr/m/it/14.4 (-20) 1203\T1/lmr/m/n/14.4 (-20) 
)| 
 []


Overfull \hbox (3.81432pt too wide) in paragraph at lines 1339--1339
 []|\T1/lmr/m/n/14.4 (-20) (\T1/lmr/m/it/14.4 (-20) 1204\T1/lmr/m/n/14.4 (-20) 
)| 
 []


Overfull \hbox (3.81432pt too wide) in paragraph at lines 1340--1340
 []|\T1/lmr/m/n/14.4 (-20) (\T1/lmr/m/it/14.4 (-20) 1205\T1/lmr/m/n/14.4 (-20) 
)| 
 []


Overfull \hbox (3.81432pt too wide) in paragraph at lines 1341--1341
 []|\T1/lmr/m/n/14.4 (-20) (\T1/lmr/m/it/14.4 (-20) 1206\T1/lmr/m/n/14.4 (-20) 
)| 
 []


Overfull \hbox (3.81432pt too wide) in paragraph at lines 1342--1342
 []|\T1/lmr/m/n/14.4 (-20) (\T1/lmr/m/it/14.4 (-20) 1207\T1/lmr/m/n/14.4 (-20) 
)| 
 []


Overfull \hbox (3.81432pt too wide) in paragraph at lines 1343--1343
 []|\T1/lmr/m/n/14.4 (-20) (\T1/lmr/m/it/14.4 (-20) 1208\T1/lmr/m/n/14.4 (-20) 
)| 
 []


Overfull \hbox (3.81432pt too wide) in paragraph at lines 1344--1344
 []|\T1/lmr/m/n/14.4 (-20) (\T1/lmr/m/it/14.4 (-20) 1209\T1/lmr/m/n/14.4 (-20) 
)| 
 []


Overfull \hbox (3.81432pt too wide) in paragraph at lines 1345--1345
 []|\T1/lmr/m/n/14.4 (-20) (\T1/lmr/m/it/14.4 (-20) 1210\T1/lmr/m/n/14.4 (-20) 
)| 
 []


Overfull \hbox (3.81432pt too wide) in paragraph at lines 1346--1346
 []|\T1/lmr/m/n/14.4 (-20) (\T1/lmr/m/it/14.4 (-20) 1211\T1/lmr/m/n/14.4 (-20) 
)| 
 []


Overfull \hbox (3.81432pt too wide) in paragraph at lines 1347--1347
 []|\T1/lmr/m/n/14.4 (-20) (\T1/lmr/m/it/14.4 (-20) 1212\T1/lmr/m/n/14.4 (-20) 
)| 
 []


Overfull \hbox (3.81432pt too wide) in paragraph at lines 1348--1348
 []|\T1/lmr/m/n/14.4 (-20) (\T1/lmr/m/it/14.4 (-20) 1213\T1/lmr/m/n/14.4 (-20) 
)| 
 []


Overfull \hbox (3.81432pt too wide) in paragraph at lines 1349--1349
 []|\T1/lmr/m/n/14.4 (-20) (\T1/lmr/m/it/14.4 (-20) 1214\T1/lmr/m/n/14.4 (-20) 
)| 
 []


Overfull \hbox (3.81432pt too wide) in paragraph at lines 1350--1350
 []|\T1/lmr/m/n/14.4 (-20) (\T1/lmr/m/it/14.4 (-20) 1215\T1/lmr/m/n/14.4 (-20) 
)| 
 []


Overfull \hbox (3.81432pt too wide) in paragraph at lines 1351--1351
 []|\T1/lmr/m/n/14.4 (-20) (\T1/lmr/m/it/14.4 (-20) 1216\T1/lmr/m/n/14.4 (-20) 
)| 
 []


Overfull \hbox (3.81432pt too wide) in paragraph at lines 1352--1352
 []|\T1/lmr/m/n/14.4 (-20) (\T1/lmr/m/it/14.4 (-20) 1217\T1/lmr/m/n/14.4 (-20) 
)| 
 []


Overfull \hbox (3.81432pt too wide) in paragraph at lines 1353--1353
 []|\T1/lmr/m/n/14.4 (-20) (\T1/lmr/m/it/14.4 (-20) 1218\T1/lmr/m/n/14.4 (-20) 
)| 
 []


Overfull \hbox (3.81432pt too wide) in paragraph at lines 1354--1354
 []|\T1/lmr/m/n/14.4 (-20) (\T1/lmr/m/it/14.4 (-20) 1219\T1/lmr/m/n/14.4 (-20) 
)| 
 []


Overfull \hbox (3.81432pt too wide) in paragraph at lines 1355--1355
 []|\T1/lmr/m/n/14.4 (-20) (\T1/lmr/m/it/14.4 (-20) 1220\T1/lmr/m/n/14.4 (-20) 
)| 
 []


Overfull \hbox (3.81432pt too wide) in paragraph at lines 1356--1356
 []|\T1/lmr/m/n/14.4 (-20) (\T1/lmr/m/it/14.4 (-20) 1221\T1/lmr/m/n/14.4 (-20) 
)| 
 []


Overfull \hbox (3.81432pt too wide) in paragraph at lines 1357--1357
 []|\T1/lmr/m/n/14.4 (-20) (\T1/lmr/m/it/14.4 (-20) 1222\T1/lmr/m/n/14.4 (-20) 
)| 
 []


Overfull \hbox (3.81432pt too wide) in paragraph at lines 1358--1358
 []|\T1/lmr/m/n/14.4 (-20) (\T1/lmr/m/it/14.4 (-20) 1223\T1/lmr/m/n/14.4 (-20) 
)| 
 []


Overfull \hbox (3.81432pt too wide) in paragraph at lines 1359--1359
 []|\T1/lmr/m/n/14.4 (-20) (\T1/lmr/m/it/14.4 (-20) 1224\T1/lmr/m/n/14.4 (-20) 
)| 
 []


Overfull \hbox (3.81432pt too wide) in paragraph at lines 1360--1360
 []|\T1/lmr/m/n/14.4 (-20) (\T1/lmr/m/it/14.4 (-20) 1225\T1/lmr/m/n/14.4 (-20) 
)| 
 []


Overfull \hbox (3.81432pt too wide) in paragraph at lines 1361--1361
 []|\T1/lmr/m/n/14.4 (-20) (\T1/lmr/m/it/14.4 (-20) 1226\T1/lmr/m/n/14.4 (-20) 
)| 
 []


Overfull \hbox (3.81432pt too wide) in paragraph at lines 1362--1362
 []|\T1/lmr/m/n/14.4 (-20) (\T1/lmr/m/it/14.4 (-20) 1227\T1/lmr/m/n/14.4 (-20) 
)| 
 []


Overfull \hbox (3.81432pt too wide) in paragraph at lines 1363--1363
 []|\T1/lmr/m/n/14.4 (-20) (\T1/lmr/m/it/14.4 (-20) 1228\T1/lmr/m/n/14.4 (-20) 
)| 
 []


Overfull \hbox (3.81432pt too wide) in paragraph at lines 1364--1364
 []|\T1/lmr/m/n/14.4 (-20) (\T1/lmr/m/it/14.4 (-20) 1229\T1/lmr/m/n/14.4 (-20) 
)| 
 []


Overfull \hbox (3.81432pt too wide) in paragraph at lines 1365--1365
 []|\T1/lmr/m/n/14.4 (-20) (\T1/lmr/m/it/14.4 (-20) 1230\T1/lmr/m/n/14.4 (-20) 
)| 
 []


Overfull \hbox (3.81432pt too wide) in paragraph at lines 1366--1366
 []|\T1/lmr/m/n/14.4 (-20) (\T1/lmr/m/it/14.4 (-20) 1231\T1/lmr/m/n/14.4 (-20) 
)| 
 []


Overfull \hbox (3.81432pt too wide) in paragraph at lines 1367--1367
 []|\T1/lmr/m/n/14.4 (-20) (\T1/lmr/m/it/14.4 (-20) 1232\T1/lmr/m/n/14.4 (-20) 
)| 
 []


Overfull \hbox (3.81432pt too wide) in paragraph at lines 1368--1368
 []|\T1/lmr/m/n/14.4 (-20) (\T1/lmr/m/it/14.4 (-20) 1233\T1/lmr/m/n/14.4 (-20) 
)| 
 []


Overfull \hbox (3.81432pt too wide) in paragraph at lines 1369--1369
 []|\T1/lmr/m/n/14.4 (-20) (\T1/lmr/m/it/14.4 (-20) 1234\T1/lmr/m/n/14.4 (-20) 
)| 
 []


Overfull \hbox (3.81432pt too wide) in paragraph at lines 1370--1370
 []|\T1/lmr/m/n/14.4 (-20) (\T1/lmr/m/it/14.4 (-20) 1235\T1/lmr/m/n/14.4 (-20) 
)| 
 []


Overfull \hbox (3.81432pt too wide) in paragraph at lines 1371--1371
 []|\T1/lmr/m/n/14.4 (-20) (\T1/lmr/m/it/14.4 (-20) 1236\T1/lmr/m/n/14.4 (-20) 
)| 
 []


Overfull \hbox (3.81432pt too wide) in paragraph at lines 1372--1372
 []|\T1/lmr/m/n/14.4 (-20) (\T1/lmr/m/it/14.4 (-20) 1237\T1/lmr/m/n/14.4 (-20) 
)| 
 []


Overfull \hbox (3.81432pt too wide) in paragraph at lines 1373--1373
 []|\T1/lmr/m/n/14.4 (-20) (\T1/lmr/m/it/14.4 (-20) 1238\T1/lmr/m/n/14.4 (-20) 
)| 
 []


Overfull \hbox (3.81432pt too wide) in paragraph at lines 1374--1374
 []|\T1/lmr/m/n/14.4 (-20) (\T1/lmr/m/it/14.4 (-20) 1239\T1/lmr/m/n/14.4 (-20) 
)| 
 []


Overfull \hbox (3.81432pt too wide) in paragraph at lines 1375--1375
 []|\T1/lmr/m/n/14.4 (-20) (\T1/lmr/m/it/14.4 (-20) 1240\T1/lmr/m/n/14.4 (-20) 
)| 
 []


Overfull \hbox (3.81432pt too wide) in paragraph at lines 1376--1376
 []|\T1/lmr/m/n/14.4 (-20) (\T1/lmr/m/it/14.4 (-20) 1241\T1/lmr/m/n/14.4 (-20) 
)| 
 []


Overfull \hbox (3.81432pt too wide) in paragraph at lines 1377--1377
 []|\T1/lmr/m/n/14.4 (-20) (\T1/lmr/m/it/14.4 (-20) 1242\T1/lmr/m/n/14.4 (-20) 
)| 
 []


Overfull \hbox (3.81432pt too wide) in paragraph at lines 1378--1378
 []|\T1/lmr/m/n/14.4 (-20) (\T1/lmr/m/it/14.4 (-20) 1243\T1/lmr/m/n/14.4 (-20) 
)| 
 []


Overfull \hbox (3.81432pt too wide) in paragraph at lines 1379--1379
 []|\T1/lmr/m/n/14.4 (-20) (\T1/lmr/m/it/14.4 (-20) 1244\T1/lmr/m/n/14.4 (-20) 
)| 
 []


Overfull \hbox (3.81432pt too wide) in paragraph at lines 1380--1380
 []|\T1/lmr/m/n/14.4 (-20) (\T1/lmr/m/it/14.4 (-20) 1245\T1/lmr/m/n/14.4 (-20) 
)| 
 []


Overfull \hbox (3.81432pt too wide) in paragraph at lines 1381--1381
 []|\T1/lmr/m/n/14.4 (-20) (\T1/lmr/m/it/14.4 (-20) 1246\T1/lmr/m/n/14.4 (-20) 
)| 
 []


Overfull \hbox (3.81432pt too wide) in paragraph at lines 1382--1382
 []|\T1/lmr/m/n/14.4 (-20) (\T1/lmr/m/it/14.4 (-20) 1247\T1/lmr/m/n/14.4 (-20) 
)| 
 []


Overfull \hbox (3.81432pt too wide) in paragraph at lines 1383--1383
 []|\T1/lmr/m/n/14.4 (-20) (\T1/lmr/m/it/14.4 (-20) 1248\T1/lmr/m/n/14.4 (-20) 
)| 
 []


Overfull \hbox (3.81432pt too wide) in paragraph at lines 1384--1384
 []|\T1/lmr/m/n/14.4 (-20) (\T1/lmr/m/it/14.4 (-20) 1249\T1/lmr/m/n/14.4 (-20) 
)| 
 []


Overfull \hbox (3.81432pt too wide) in paragraph at lines 1385--1385
 []|\T1/lmr/m/n/14.4 (-20) (\T1/lmr/m/it/14.4 (-20) 1250\T1/lmr/m/n/14.4 (-20) 
)| 
 []


Overfull \hbox (3.81432pt too wide) in paragraph at lines 1386--1386
 []|\T1/lmr/m/n/14.4 (-20) (\T1/lmr/m/it/14.4 (-20) 1251\T1/lmr/m/n/14.4 (-20) 
)| 
 []


Overfull \hbox (3.81432pt too wide) in paragraph at lines 1387--1387
 []|\T1/lmr/m/n/14.4 (-20) (\T1/lmr/m/it/14.4 (-20) 1252\T1/lmr/m/n/14.4 (-20) 
)| 
 []


Overfull \hbox (3.81432pt too wide) in paragraph at lines 1388--1388
 []|\T1/lmr/m/n/14.4 (-20) (\T1/lmr/m/it/14.4 (-20) 1253\T1/lmr/m/n/14.4 (-20) 
)| 
 []


Overfull \hbox (3.81432pt too wide) in paragraph at lines 1389--1389
 []|\T1/lmr/m/n/14.4 (-20) (\T1/lmr/m/it/14.4 (-20) 1254\T1/lmr/m/n/14.4 (-20) 
)| 
 []


Overfull \hbox (3.81432pt too wide) in paragraph at lines 1390--1390
 []|\T1/lmr/m/n/14.4 (-20) (\T1/lmr/m/it/14.4 (-20) 1255\T1/lmr/m/n/14.4 (-20) 
)| 
 []


Overfull \hbox (3.81432pt too wide) in paragraph at lines 1391--1391
 []|\T1/lmr/m/n/14.4 (-20) (\T1/lmr/m/it/14.4 (-20) 1256\T1/lmr/m/n/14.4 (-20) 
)| 
 []


Overfull \hbox (3.81432pt too wide) in paragraph at lines 1392--1392
 []|\T1/lmr/m/n/14.4 (-20) (\T1/lmr/m/it/14.4 (-20) 1257\T1/lmr/m/n/14.4 (-20) 
)| 
 []


Overfull \hbox (3.81432pt too wide) in paragraph at lines 1393--1393
 []|\T1/lmr/m/n/14.4 (-20) (\T1/lmr/m/it/14.4 (-20) 1258\T1/lmr/m/n/14.4 (-20) 
)| 
 []


Overfull \hbox (3.81432pt too wide) in paragraph at lines 1394--1394
 []|\T1/lmr/m/n/14.4 (-20) (\T1/lmr/m/it/14.4 (-20) 1259\T1/lmr/m/n/14.4 (-20) 
)| 
 []


Overfull \hbox (3.81432pt too wide) in paragraph at lines 1395--1395
 []|\T1/lmr/m/n/14.4 (-20) (\T1/lmr/m/it/14.4 (-20) 1260\T1/lmr/m/n/14.4 (-20) 
)| 
 []


Overfull \hbox (3.81432pt too wide) in paragraph at lines 1396--1396
 []|\T1/lmr/m/n/14.4 (-20) (\T1/lmr/m/it/14.4 (-20) 1261\T1/lmr/m/n/14.4 (-20) 
)| 
 []


Overfull \hbox (3.81432pt too wide) in paragraph at lines 1397--1397
 []|\T1/lmr/m/n/14.4 (-20) (\T1/lmr/m/it/14.4 (-20) 1262\T1/lmr/m/n/14.4 (-20) 
)| 
 []


Overfull \hbox (3.81432pt too wide) in paragraph at lines 1398--1398
 []|\T1/lmr/m/n/14.4 (-20) (\T1/lmr/m/it/14.4 (-20) 1263\T1/lmr/m/n/14.4 (-20) 
)| 
 []


Overfull \hbox (3.81432pt too wide) in paragraph at lines 1399--1399
 []|\T1/lmr/m/n/14.4 (-20) (\T1/lmr/m/it/14.4 (-20) 1264\T1/lmr/m/n/14.4 (-20) 
)| 
 []


Overfull \hbox (3.81432pt too wide) in paragraph at lines 1400--1400
 []|\T1/lmr/m/n/14.4 (-20) (\T1/lmr/m/it/14.4 (-20) 1265\T1/lmr/m/n/14.4 (-20) 
)| 
 []


Overfull \hbox (3.81432pt too wide) in paragraph at lines 1401--1401
 []|\T1/lmr/m/n/14.4 (-20) (\T1/lmr/m/it/14.4 (-20) 1266\T1/lmr/m/n/14.4 (-20) 
)| 
 []


Overfull \hbox (3.81432pt too wide) in paragraph at lines 1402--1402
 []|\T1/lmr/m/n/14.4 (-20) (\T1/lmr/m/it/14.4 (-20) 1267\T1/lmr/m/n/14.4 (-20) 
)| 
 []


Overfull \hbox (3.81432pt too wide) in paragraph at lines 1403--1403
 []|\T1/lmr/m/n/14.4 (-20) (\T1/lmr/m/it/14.4 (-20) 1268\T1/lmr/m/n/14.4 (-20) 
)| 
 []


Overfull \hbox (3.81432pt too wide) in paragraph at lines 1404--1404
 []|\T1/lmr/m/n/14.4 (-20) (\T1/lmr/m/it/14.4 (-20) 1269\T1/lmr/m/n/14.4 (-20) 
)| 
 []


Overfull \hbox (3.81432pt too wide) in paragraph at lines 1405--1405
 []|\T1/lmr/m/n/14.4 (-20) (\T1/lmr/m/it/14.4 (-20) 1270\T1/lmr/m/n/14.4 (-20) 
)| 
 []


Overfull \hbox (3.81432pt too wide) in paragraph at lines 1406--1406
 []|\T1/lmr/m/n/14.4 (-20) (\T1/lmr/m/it/14.4 (-20) 1271\T1/lmr/m/n/14.4 (-20) 
)| 
 []


Overfull \hbox (3.81432pt too wide) in paragraph at lines 1407--1407
 []|\T1/lmr/m/n/14.4 (-20) (\T1/lmr/m/it/14.4 (-20) 1272\T1/lmr/m/n/14.4 (-20) 
)| 
 []


Overfull \hbox (3.81432pt too wide) in paragraph at lines 1408--1408
 []|\T1/lmr/m/n/14.4 (-20) (\T1/lmr/m/it/14.4 (-20) 1273\T1/lmr/m/n/14.4 (-20) 
)| 
 []


Overfull \hbox (3.81432pt too wide) in paragraph at lines 1409--1409
 []|\T1/lmr/m/n/14.4 (-20) (\T1/lmr/m/it/14.4 (-20) 1274\T1/lmr/m/n/14.4 (-20) 
)| 
 []


Overfull \hbox (3.81432pt too wide) in paragraph at lines 1410--1410
 []|\T1/lmr/m/n/14.4 (-20) (\T1/lmr/m/it/14.4 (-20) 1275\T1/lmr/m/n/14.4 (-20) 
)| 
 []


Overfull \hbox (3.81432pt too wide) in paragraph at lines 1411--1411
 []|\T1/lmr/m/n/14.4 (-20) (\T1/lmr/m/it/14.4 (-20) 1276\T1/lmr/m/n/14.4 (-20) 
)| 
 []


Overfull \hbox (3.81432pt too wide) in paragraph at lines 1412--1412
 []|\T1/lmr/m/n/14.4 (-20) (\T1/lmr/m/it/14.4 (-20) 1277\T1/lmr/m/n/14.4 (-20) 
)| 
 []


Overfull \hbox (3.81432pt too wide) in paragraph at lines 1413--1413
 []|\T1/lmr/m/n/14.4 (-20) (\T1/lmr/m/it/14.4 (-20) 1278\T1/lmr/m/n/14.4 (-20) 
)| 
 []


Overfull \hbox (3.81432pt too wide) in paragraph at lines 1414--1414
 []|\T1/lmr/m/n/14.4 (-20) (\T1/lmr/m/it/14.4 (-20) 1279\T1/lmr/m/n/14.4 (-20) 
)| 
 []


Overfull \hbox (3.81432pt too wide) in paragraph at lines 1415--1415
 []|\T1/lmr/m/n/14.4 (-20) (\T1/lmr/m/it/14.4 (-20) 1280\T1/lmr/m/n/14.4 (-20) 
)| 
 []


Overfull \hbox (3.81432pt too wide) in paragraph at lines 1416--1416
 []|\T1/lmr/m/n/14.4 (-20) (\T1/lmr/m/it/14.4 (-20) 1281\T1/lmr/m/n/14.4 (-20) 
)| 
 []


Overfull \hbox (3.81432pt too wide) in paragraph at lines 1417--1417
 []|\T1/lmr/m/n/14.4 (-20) (\T1/lmr/m/it/14.4 (-20) 1282\T1/lmr/m/n/14.4 (-20) 
)| 
 []


Overfull \hbox (3.81432pt too wide) in paragraph at lines 1418--1418
 []|\T1/lmr/m/n/14.4 (-20) (\T1/lmr/m/it/14.4 (-20) 1283\T1/lmr/m/n/14.4 (-20) 
)| 
 []


Overfull \hbox (3.81432pt too wide) in paragraph at lines 1419--1419
 []|\T1/lmr/m/n/14.4 (-20) (\T1/lmr/m/it/14.4 (-20) 1284\T1/lmr/m/n/14.4 (-20) 
)| 
 []


Overfull \hbox (3.81432pt too wide) in paragraph at lines 1420--1420
 []|\T1/lmr/m/n/14.4 (-20) (\T1/lmr/m/it/14.4 (-20) 1285\T1/lmr/m/n/14.4 (-20) 
)| 
 []


Overfull \hbox (3.81432pt too wide) in paragraph at lines 1421--1421
 []|\T1/lmr/m/n/14.4 (-20) (\T1/lmr/m/it/14.4 (-20) 1286\T1/lmr/m/n/14.4 (-20) 
)| 
 []


Overfull \hbox (3.81432pt too wide) in paragraph at lines 1422--1422
 []|\T1/lmr/m/n/14.4 (-20) (\T1/lmr/m/it/14.4 (-20) 1287\T1/lmr/m/n/14.4 (-20) 
)| 
 []


Overfull \hbox (3.81432pt too wide) in paragraph at lines 1423--1423
 []|\T1/lmr/m/n/14.4 (-20) (\T1/lmr/m/it/14.4 (-20) 1288\T1/lmr/m/n/14.4 (-20) 
)| 
 []


Overfull \hbox (3.81432pt too wide) in paragraph at lines 1424--1424
 []|\T1/lmr/m/n/14.4 (-20) (\T1/lmr/m/it/14.4 (-20) 1289\T1/lmr/m/n/14.4 (-20) 
)| 
 []


Overfull \hbox (3.81432pt too wide) in paragraph at lines 1425--1425
 []|\T1/lmr/m/n/14.4 (-20) (\T1/lmr/m/it/14.4 (-20) 1290\T1/lmr/m/n/14.4 (-20) 
)| 
 []


Overfull \hbox (3.81432pt too wide) in paragraph at lines 1426--1426
 []|\T1/lmr/m/n/14.4 (-20) (\T1/lmr/m/it/14.4 (-20) 1291\T1/lmr/m/n/14.4 (-20) 
)| 
 []


Overfull \hbox (3.81432pt too wide) in paragraph at lines 1427--1427
 []|\T1/lmr/m/n/14.4 (-20) (\T1/lmr/m/it/14.4 (-20) 1292\T1/lmr/m/n/14.4 (-20) 
)| 
 []


Overfull \hbox (3.81432pt too wide) in paragraph at lines 1428--1428
 []|\T1/lmr/m/n/14.4 (-20) (\T1/lmr/m/it/14.4 (-20) 1293\T1/lmr/m/n/14.4 (-20) 
)| 
 []


Overfull \hbox (3.81432pt too wide) in paragraph at lines 1429--1429
 []|\T1/lmr/m/n/14.4 (-20) (\T1/lmr/m/it/14.4 (-20) 1294\T1/lmr/m/n/14.4 (-20) 
)| 
 []


Overfull \hbox (3.81432pt too wide) in paragraph at lines 1430--1430
 []|\T1/lmr/m/n/14.4 (-20) (\T1/lmr/m/it/14.4 (-20) 1295\T1/lmr/m/n/14.4 (-20) 
)| 
 []


Overfull \hbox (3.81432pt too wide) in paragraph at lines 1431--1431
 []|\T1/lmr/m/n/14.4 (-20) (\T1/lmr/m/it/14.4 (-20) 1296\T1/lmr/m/n/14.4 (-20) 
)| 
 []


Overfull \hbox (3.81432pt too wide) in paragraph at lines 1432--1432
 []|\T1/lmr/m/n/14.4 (-20) (\T1/lmr/m/it/14.4 (-20) 1297\T1/lmr/m/n/14.4 (-20) 
)| 
 []


Overfull \hbox (3.81432pt too wide) in paragraph at lines 1433--1433
 []|\T1/lmr/m/n/14.4 (-20) (\T1/lmr/m/it/14.4 (-20) 1298\T1/lmr/m/n/14.4 (-20) 
)| 
 []


Overfull \hbox (3.81432pt too wide) in paragraph at lines 1434--1434
 []|\T1/lmr/m/n/14.4 (-20) (\T1/lmr/m/it/14.4 (-20) 1299\T1/lmr/m/n/14.4 (-20) 
)| 
 []


Overfull \hbox (3.81432pt too wide) in paragraph at lines 1435--1435
 []|\T1/lmr/m/n/14.4 (-20) (\T1/lmr/m/it/14.4 (-20) 1300\T1/lmr/m/n/14.4 (-20) 
)| 
 []


Overfull \hbox (3.81432pt too wide) in paragraph at lines 1436--1436
 []|\T1/lmr/m/n/14.4 (-20) (\T1/lmr/m/it/14.4 (-20) 1301\T1/lmr/m/n/14.4 (-20) 
)| 
 []


Overfull \hbox (3.81432pt too wide) in paragraph at lines 1437--1437
 []|\T1/lmr/m/n/14.4 (-20) (\T1/lmr/m/it/14.4 (-20) 1302\T1/lmr/m/n/14.4 (-20) 
)| 
 []


Overfull \hbox (3.81432pt too wide) in paragraph at lines 1438--1438
 []|\T1/lmr/m/n/14.4 (-20) (\T1/lmr/m/it/14.4 (-20) 1303\T1/lmr/m/n/14.4 (-20) 
)| 
 []


Overfull \hbox (3.81432pt too wide) in paragraph at lines 1439--1439
 []|\T1/lmr/m/n/14.4 (-20) (\T1/lmr/m/it/14.4 (-20) 1304\T1/lmr/m/n/14.4 (-20) 
)| 
 []


Overfull \hbox (3.81432pt too wide) in paragraph at lines 1440--1440
 []|\T1/lmr/m/n/14.4 (-20) (\T1/lmr/m/it/14.4 (-20) 1305\T1/lmr/m/n/14.4 (-20) 
)| 
 []


Overfull \hbox (3.81432pt too wide) in paragraph at lines 1441--1441
 []|\T1/lmr/m/n/14.4 (-20) (\T1/lmr/m/it/14.4 (-20) 1306\T1/lmr/m/n/14.4 (-20) 
)| 
 []


Overfull \hbox (3.81432pt too wide) in paragraph at lines 1442--1442
 []|\T1/lmr/m/n/14.4 (-20) (\T1/lmr/m/it/14.4 (-20) 1307\T1/lmr/m/n/14.4 (-20) 
)| 
 []


Overfull \hbox (3.81432pt too wide) in paragraph at lines 1443--1443
 []|\T1/lmr/m/n/14.4 (-20) (\T1/lmr/m/it/14.4 (-20) 1308\T1/lmr/m/n/14.4 (-20) 
)| 
 []


Overfull \hbox (3.81432pt too wide) in paragraph at lines 1444--1444
 []|\T1/lmr/m/n/14.4 (-20) (\T1/lmr/m/it/14.4 (-20) 1309\T1/lmr/m/n/14.4 (-20) 
)| 
 []


Overfull \hbox (3.81432pt too wide) in paragraph at lines 1445--1445
 []|\T1/lmr/m/n/14.4 (-20) (\T1/lmr/m/it/14.4 (-20) 1310\T1/lmr/m/n/14.4 (-20) 
)| 
 []


Overfull \hbox (3.81432pt too wide) in paragraph at lines 1446--1446
 []|\T1/lmr/m/n/14.4 (-20) (\T1/lmr/m/it/14.4 (-20) 1311\T1/lmr/m/n/14.4 (-20) 
)| 
 []


Overfull \hbox (3.81432pt too wide) in paragraph at lines 1447--1447
 []|\T1/lmr/m/n/14.4 (-20) (\T1/lmr/m/it/14.4 (-20) 1312\T1/lmr/m/n/14.4 (-20) 
)| 
 []


Overfull \hbox (3.81432pt too wide) in paragraph at lines 1448--1448
 []|\T1/lmr/m/n/14.4 (-20) (\T1/lmr/m/it/14.4 (-20) 1313\T1/lmr/m/n/14.4 (-20) 
)| 
 []


Overfull \hbox (3.81432pt too wide) in paragraph at lines 1449--1449
 []|\T1/lmr/m/n/14.4 (-20) (\T1/lmr/m/it/14.4 (-20) 1314\T1/lmr/m/n/14.4 (-20) 
)| 
 []


Overfull \hbox (3.81432pt too wide) in paragraph at lines 1450--1450
 []|\T1/lmr/m/n/14.4 (-20) (\T1/lmr/m/it/14.4 (-20) 1315\T1/lmr/m/n/14.4 (-20) 
)| 
 []


Overfull \hbox (3.81432pt too wide) in paragraph at lines 1451--1451
 []|\T1/lmr/m/n/14.4 (-20) (\T1/lmr/m/it/14.4 (-20) 1316\T1/lmr/m/n/14.4 (-20) 
)| 
 []


Overfull \hbox (3.81432pt too wide) in paragraph at lines 1452--1452
 []|\T1/lmr/m/n/14.4 (-20) (\T1/lmr/m/it/14.4 (-20) 1317\T1/lmr/m/n/14.4 (-20) 
)| 
 []


Overfull \hbox (3.81432pt too wide) in paragraph at lines 1453--1453
 []|\T1/lmr/m/n/14.4 (-20) (\T1/lmr/m/it/14.4 (-20) 1318\T1/lmr/m/n/14.4 (-20) 
)| 
 []


Overfull \hbox (3.81432pt too wide) in paragraph at lines 1454--1454
 []|\T1/lmr/m/n/14.4 (-20) (\T1/lmr/m/it/14.4 (-20) 1319\T1/lmr/m/n/14.4 (-20) 
)| 
 []


Overfull \hbox (3.81432pt too wide) in paragraph at lines 1455--1455
 []|\T1/lmr/m/n/14.4 (-20) (\T1/lmr/m/it/14.4 (-20) 1320\T1/lmr/m/n/14.4 (-20) 
)| 
 []


Overfull \hbox (3.81432pt too wide) in paragraph at lines 1456--1456
 []|\T1/lmr/m/n/14.4 (-20) (\T1/lmr/m/it/14.4 (-20) 1321\T1/lmr/m/n/14.4 (-20) 
)| 
 []


Overfull \hbox (3.81432pt too wide) in paragraph at lines 1457--1457
 []|\T1/lmr/m/n/14.4 (-20) (\T1/lmr/m/it/14.4 (-20) 1322\T1/lmr/m/n/14.4 (-20) 
)| 
 []


Overfull \hbox (3.81432pt too wide) in paragraph at lines 1458--1458
 []|\T1/lmr/m/n/14.4 (-20) (\T1/lmr/m/it/14.4 (-20) 1323\T1/lmr/m/n/14.4 (-20) 
)| 
 []


Overfull \hbox (3.81432pt too wide) in paragraph at lines 1459--1459
 []|\T1/lmr/m/n/14.4 (-20) (\T1/lmr/m/it/14.4 (-20) 1324\T1/lmr/m/n/14.4 (-20) 
)| 
 []

[34] [35] [36] [37] [38] [39] [40] [41] [42] [43] [44] [45] (matrices//matrices
.aux)
 ***********
LaTeX2e <2023-11-01> patch level 1
L3 programming layer <2024-01-22>
 ***********

LaTeX Warning: Label(s) may have changed. Rerun to get cross-references right.

 ) 
Here is how much of TeX's memory you used:
 12825 strings out of 474222
 201770 string characters out of 5748733
 2348975 words of memory out of 5000000
 34805 multiletter control sequences out of 15000+600000
 592960 words of font info for 81 fonts, out of 8000000 for 9000
 1141 hyphenation exceptions out of 8191
 83i,9n,93p,1014b,567s stack positions out of 10000i,1000n,20000p,200000b,200000s
</usr/share/texmf/fonts/type1/public/lm/lmbx12.pfb></usr/share/texmf/fonts/ty
pe1/public/lm/lmmi12.pfb></usr/share/texmf/fonts/type1/public/lm/lmr10.pfb></us
r/share/texmf/fonts/type1/public/lm/lmr12.pfb></usr/share/texmf/fonts/type1/pub
lic/lm/lmri12.pfb></usr/share/texmf/fonts/type1/public/lm/lmsy10.pfb></usr/shar
e/texlive/texmf-dist/fonts/type1/public/amsfonts/symbols/msam10.pfb>
Output written on matrices//matrices.pdf (45 pages, 140016 bytes).
PDF statistics:
 267 PDF objects out of 1000 (max. 8388607)
 202 compressed objects within 3 object streams
 51 named destinations out of 1000 (max. 500000)
 20497 words of extra memory for PDF output out of 20736 (max. 10000000)

